<?xml version="1.0" encoding="utf-8"?>
<CoverageSession>
  <Summary numSequencePoints="415" visitedSequencePoints="244" numBranchPoints="415" visitedBranchPoints="244" sequenceCoverage="0.588" branchCoverage="0.588" maxCyclomaticComplexity="0" minCyclomaticComplexity="0" visitedClasses="17" numClasses="22" visitedMethods="53" numMethods="62" />
  <Modules>
    <Module hash="99D421B4-E52A-423F-BCC8-44C0CB22ECF6">
      <ModulePath>C:\Users\Mert\Desktop\TodoApp\TodoApp.TEST\bin\Debug\netcoreapp2.1\TodoApp.API.dll</ModulePath>
      <ModuleTime>2019-02-08T05:24:17</ModuleTime>
      <ModuleName>TodoApp.API</ModuleName>
      <Files>
        <File uid="1" fullPath="C:\Users\Mert\Desktop\TodoApp\TodoApp.API\Program.cs" />
        <File uid="2" fullPath="C:\Users\Mert\Desktop\TodoApp\TodoApp.API\Startup.cs" />
        <File uid="3" fullPath="C:\Users\Mert\Desktop\TodoApp\TodoApp.API\Models\Folder.cs" />
        <File uid="4" fullPath="C:\Users\Mert\Desktop\TodoApp\TodoApp.API\Models\Todo.cs" />
        <File uid="5" fullPath="C:\Users\Mert\Desktop\TodoApp\TodoApp.API\Models\Token.cs" />
        <File uid="6" fullPath="C:\Users\Mert\Desktop\TodoApp\TodoApp.API\Models\User.cs" />
        <File uid="7" fullPath="C:\Users\Mert\Desktop\TodoApp\TodoApp.API\Migrations\20190204144754_InitialCreate.cs" />
        <File uid="8" fullPath="C:\Users\Mert\Desktop\TodoApp\TodoApp.API\Migrations\20190204144754_InitialCreate.Designer.cs" />
        <File uid="9" fullPath="C:\Users\Mert\Desktop\TodoApp\TodoApp.API\Migrations\DataContextModelSnapshot.cs" />
        <File uid="10" fullPath="C:\Users\Mert\Desktop\TodoApp\TodoApp.API\Managers\Implementation\FolderManager.cs" />
        <File uid="11" fullPath="C:\Users\Mert\Desktop\TodoApp\TodoApp.API\Managers\Implementation\TodoManager.cs" />
        <File uid="12" fullPath="C:\Users\Mert\Desktop\TodoApp\TodoApp.API\Managers\Implementation\UserManager.cs" />
        <File uid="13" fullPath="C:\Users\Mert\Desktop\TodoApp\TodoApp.API\Helper\Hasher.cs" />
        <File uid="14" fullPath="C:\Users\Mert\Desktop\TodoApp\TodoApp.API\Helper\UserValidator.cs" />
        <File uid="15" fullPath="C:\Users\Mert\Desktop\TodoApp\TodoApp.API\Helper\Authentication\AuthService.cs" />
        <File uid="16" fullPath="C:\Users\Mert\Desktop\TodoApp\TodoApp.API\Data\DataContext.cs" />
        <File uid="17" fullPath="C:\Users\Mert\Desktop\TodoApp\TodoApp.API\DataAccessLayers\Implementation\FolderDal.cs" />
        <File uid="18" fullPath="C:\Users\Mert\Desktop\TodoApp\TodoApp.API\DataAccessLayers\Implementation\TodoDal.cs" />
        <File uid="19" fullPath="C:\Users\Mert\Desktop\TodoApp\TodoApp.API\DataAccessLayers\Implementation\UserDal.cs" />
        <File uid="20" fullPath="C:\Users\Mert\Desktop\TodoApp\TodoApp.API\Controllers\AuthController.cs" />
        <File uid="21" fullPath="C:\Users\Mert\Desktop\TodoApp\TodoApp.API\Controllers\FoldersController.cs" />
        <File uid="22" fullPath="C:\Users\Mert\Desktop\TodoApp\TodoApp.API\Controllers\TodosController.cs" />
      </Files>
      <Classes>
        <Class>
          <Summary numSequencePoints="5" visitedSequencePoints="0" numBranchPoints="0" visitedBranchPoints="0" sequenceCoverage="0" branchCoverage="0" maxCyclomaticComplexity="0" minCyclomaticComplexity="0" visitedClasses="0" numClasses="1" visitedMethods="0" numMethods="2" />
          <FullName>TodoApp.API.Program</FullName>
          <Methods>
            <Method cyclomaticComplexity="0" nPathComplexity="0" sequenceCoverage="0" branchCoverage="0" isConstructor="False" isGetter="False" isSetter="False" isStatic="True">
              <Summary numSequencePoints="3" visitedSequencePoints="0" numBranchPoints="0" visitedBranchPoints="0" sequenceCoverage="0" branchCoverage="0" maxCyclomaticComplexity="0" minCyclomaticComplexity="0" visitedClasses="0" numClasses="0" visitedMethods="0" numMethods="1" />
              <MetadataToken />
              <Name>System.Void TodoApp.API.Program::Main(System.String[])</Name>
              <FileRef uid="1" />
              <SequencePoints>
                <SequencePoint vc="0" upsid="20" ordinal="0" sl="20" sc="1" el="20" ec="2" bec="0" bev="0" fileid="1" />
                <SequencePoint vc="0" upsid="21" ordinal="1" sl="21" sc="1" el="21" ec="2" bec="0" bev="0" fileid="1" />
                <SequencePoint vc="0" upsid="22" ordinal="2" sl="22" sc="1" el="22" ec="2" bec="0" bev="0" fileid="1" />
              </SequencePoints>
              <BranchPoints />
              <MethodPoint vc="0" upsid="0" p8:type="SequencePoint" ordinal="0" offset="0" sc="0" sl="20" ec="1" el="22" bec="0" bev="0" fileid="1" xmlns:p8="xsi" />
            </Method>
            <Method cyclomaticComplexity="0" nPathComplexity="0" sequenceCoverage="0" branchCoverage="0" isConstructor="False" isGetter="False" isSetter="False" isStatic="True">
              <Summary numSequencePoints="2" visitedSequencePoints="0" numBranchPoints="0" visitedBranchPoints="0" sequenceCoverage="0" branchCoverage="0" maxCyclomaticComplexity="0" minCyclomaticComplexity="0" visitedClasses="0" numClasses="0" visitedMethods="0" numMethods="1" />
              <MetadataToken />
              <Name>Microsoft.AspNetCore.Hosting.IWebHostBuilder TodoApp.API.Program::CreateWebHostBuilder(System.String[])</Name>
              <FileRef uid="1" />
              <SequencePoints>
                <SequencePoint vc="0" upsid="25" ordinal="0" sl="25" sc="1" el="25" ec="2" bec="0" bev="0" fileid="1" />
                <SequencePoint vc="0" upsid="26" ordinal="1" sl="26" sc="1" el="26" ec="2" bec="0" bev="0" fileid="1" />
              </SequencePoints>
              <BranchPoints />
              <MethodPoint vc="0" upsid="0" p8:type="SequencePoint" ordinal="1" offset="1" sc="0" sl="25" ec="1" el="26" bec="0" bev="0" fileid="1" xmlns:p8="xsi" />
            </Method>
          </Methods>
        </Class>
        <Class>
          <Summary numSequencePoints="26" visitedSequencePoints="0" numBranchPoints="4" visitedBranchPoints="0" sequenceCoverage="0" branchCoverage="0" maxCyclomaticComplexity="0" minCyclomaticComplexity="0" visitedClasses="0" numClasses="1" visitedMethods="0" numMethods="3" />
          <FullName>TodoApp.API.Startup</FullName>
          <Methods>
            <Method cyclomaticComplexity="0" nPathComplexity="0" sequenceCoverage="0" branchCoverage="0" isConstructor="False" isGetter="True" isSetter="False" isStatic="True">
              <Summary numSequencePoints="1" visitedSequencePoints="0" numBranchPoints="0" visitedBranchPoints="0" sequenceCoverage="0" branchCoverage="0" maxCyclomaticComplexity="0" minCyclomaticComplexity="0" visitedClasses="0" numClasses="0" visitedMethods="0" numMethods="1" />
              <MetadataToken />
              <Name>Microsoft.Extensions.Configuration.IConfiguration TodoApp.API.Startup::get_Configuration()</Name>
              <FileRef uid="2" />
              <SequencePoints>
                <SequencePoint vc="0" upsid="25" ordinal="0" sl="25" sc="1" el="25" ec="2" bec="0" bev="0" fileid="2" />
              </SequencePoints>
              <BranchPoints />
              <MethodPoint vc="0" upsid="0" p8:type="SequencePoint" ordinal="0" offset="0" sc="0" sl="25" ec="1" el="25" bec="0" bev="0" fileid="2" xmlns:p8="xsi" />
            </Method>
            <Method cyclomaticComplexity="0" nPathComplexity="0" sequenceCoverage="0" branchCoverage="0" isConstructor="False" isGetter="False" isSetter="False" isStatic="True">
              <Summary numSequencePoints="13" visitedSequencePoints="0" numBranchPoints="0" visitedBranchPoints="0" sequenceCoverage="0" branchCoverage="0" maxCyclomaticComplexity="0" minCyclomaticComplexity="0" visitedClasses="0" numClasses="0" visitedMethods="0" numMethods="1" />
              <MetadataToken />
              <Name>System.Void TodoApp.API.Startup::ConfigureServices(Microsoft.Extensions.DependencyInjection.IServiceCollection)</Name>
              <FileRef uid="2" />
              <SequencePoints>
                <SequencePoint vc="0" upsid="29" ordinal="0" sl="29" sc="1" el="29" ec="2" bec="0" bev="0" fileid="2" />
                <SequencePoint vc="0" upsid="30" ordinal="1" sl="30" sc="1" el="30" ec="2" bec="0" bev="0" fileid="2" />
                <SequencePoint vc="0" upsid="32" ordinal="2" sl="32" sc="1" el="32" ec="2" bec="0" bev="0" fileid="2" />
                <SequencePoint vc="0" upsid="33" ordinal="3" sl="33" sc="1" el="33" ec="2" bec="0" bev="0" fileid="2" />
                <SequencePoint vc="0" upsid="34" ordinal="4" sl="34" sc="1" el="34" ec="2" bec="0" bev="0" fileid="2" />
                <SequencePoint vc="0" upsid="35" ordinal="5" sl="35" sc="1" el="35" ec="2" bec="0" bev="0" fileid="2" />
                <SequencePoint vc="0" upsid="36" ordinal="6" sl="36" sc="1" el="36" ec="2" bec="0" bev="0" fileid="2" />
                <SequencePoint vc="0" upsid="37" ordinal="7" sl="37" sc="1" el="37" ec="2" bec="0" bev="0" fileid="2" />
                <SequencePoint vc="0" upsid="38" ordinal="8" sl="38" sc="1" el="38" ec="2" bec="0" bev="0" fileid="2" />
                <SequencePoint vc="0" upsid="39" ordinal="9" sl="39" sc="1" el="39" ec="2" bec="0" bev="0" fileid="2" />
                <SequencePoint vc="0" upsid="40" ordinal="10" sl="40" sc="1" el="40" ec="2" bec="0" bev="0" fileid="2" />
                <SequencePoint vc="0" upsid="42" ordinal="11" sl="42" sc="1" el="42" ec="2" bec="0" bev="0" fileid="2" />
                <SequencePoint vc="0" upsid="43" ordinal="12" sl="43" sc="1" el="43" ec="2" bec="0" bev="0" fileid="2" />
              </SequencePoints>
              <BranchPoints />
              <MethodPoint vc="0" upsid="0" p8:type="SequencePoint" ordinal="1" offset="1" sc="0" sl="29" ec="1" el="43" bec="0" bev="0" fileid="2" xmlns:p8="xsi" />
            </Method>
            <Method cyclomaticComplexity="0" nPathComplexity="0" sequenceCoverage="0" branchCoverage="0" isConstructor="False" isGetter="False" isSetter="False" isStatic="True">
              <Summary numSequencePoints="12" visitedSequencePoints="0" numBranchPoints="4" visitedBranchPoints="0" sequenceCoverage="0" branchCoverage="0" maxCyclomaticComplexity="0" minCyclomaticComplexity="0" visitedClasses="0" numClasses="0" visitedMethods="0" numMethods="1" />
              <MetadataToken />
              <Name>System.Void TodoApp.API.Startup::Configure(Microsoft.AspNetCore.Builder.IApplicationBuilder,Microsoft.AspNetCore.Hosting.IHostingEnvironment)</Name>
              <FileRef uid="2" />
              <SequencePoints>
                <SequencePoint vc="0" upsid="47" ordinal="0" sl="47" sc="1" el="47" ec="2" bec="0" bev="0" fileid="2" />
                <SequencePoint vc="0" upsid="48" ordinal="1" sl="48" sc="1" el="48" ec="2" bec="0" bev="0" fileid="2" />
                <SequencePoint vc="0" upsid="49" ordinal="2" sl="49" sc="1" el="49" ec="2" bec="0" bev="0" fileid="2" />
                <SequencePoint vc="0" upsid="50" ordinal="3" sl="50" sc="1" el="50" ec="2" bec="0" bev="0" fileid="2" />
                <SequencePoint vc="0" upsid="51" ordinal="4" sl="51" sc="1" el="51" ec="2" bec="0" bev="0" fileid="2" />
                <SequencePoint vc="0" upsid="53" ordinal="5" sl="53" sc="1" el="53" ec="2" bec="0" bev="0" fileid="2" />
                <SequencePoint vc="0" upsid="54" ordinal="6" sl="54" sc="1" el="54" ec="2" bec="0" bev="0" fileid="2" />
                <SequencePoint vc="0" upsid="55" ordinal="7" sl="55" sc="1" el="55" ec="2" bec="0" bev="0" fileid="2" />
                <SequencePoint vc="0" upsid="57" ordinal="8" sl="57" sc="1" el="57" ec="2" bec="0" bev="0" fileid="2" />
                <SequencePoint vc="0" upsid="58" ordinal="9" sl="58" sc="1" el="58" ec="2" bec="0" bev="0" fileid="2" />
                <SequencePoint vc="0" upsid="59" ordinal="10" sl="59" sc="1" el="59" ec="2" bec="0" bev="0" fileid="2" />
                <SequencePoint vc="0" upsid="60" ordinal="11" sl="60" sc="1" el="60" ec="2" bec="0" bev="0" fileid="2" />
              </SequencePoints>
              <BranchPoints>
                <BranchPoint vc="0" upsid="48" ordinal="0" path="0" offset="9" offsetend="11" sl="48" fileid="2" />
                <BranchPoint vc="0" upsid="48" ordinal="1" path="1" offset="9" offsetend="22" sl="48" fileid="2" />
                <BranchPoint vc="0" upsid="58" ordinal="2" path="0" offset="45" offsetend="47" sl="58" fileid="2" />
                <BranchPoint vc="0" upsid="58" ordinal="3" path="1" offset="45" offsetend="70" sl="58" fileid="2" />
              </BranchPoints>
              <MethodPoint vc="0" upsid="0" p8:type="SequencePoint" ordinal="2" offset="2" sc="0" sl="47" ec="1" el="60" bec="0" bev="0" fileid="2" xmlns:p8="xsi" />
            </Method>
          </Methods>
        </Class>
        <Class>
          <Summary numSequencePoints="3" visitedSequencePoints="3" numBranchPoints="0" visitedBranchPoints="0" sequenceCoverage="1" branchCoverage="0" maxCyclomaticComplexity="0" minCyclomaticComplexity="0" visitedClasses="1" numClasses="1" visitedMethods="3" numMethods="3" />
          <FullName>TodoApp.API.Models.Folder</FullName>
          <Methods>
            <Method cyclomaticComplexity="0" nPathComplexity="0" sequenceCoverage="1" branchCoverage="0" isConstructor="False" isGetter="True" isSetter="False" isStatic="True">
              <Summary numSequencePoints="1" visitedSequencePoints="1" numBranchPoints="0" visitedBranchPoints="0" sequenceCoverage="1" branchCoverage="0" maxCyclomaticComplexity="0" minCyclomaticComplexity="0" visitedClasses="0" numClasses="0" visitedMethods="1" numMethods="1" />
              <MetadataToken />
              <Name>System.Int32 TodoApp.API.Models.Folder::get_Id()</Name>
              <FileRef uid="3" />
              <SequencePoints>
                <SequencePoint vc="98" upsid="5" ordinal="0" sl="5" sc="1" el="5" ec="2" bec="0" bev="0" fileid="3" />
              </SequencePoints>
              <BranchPoints />
              <MethodPoint vc="1" upsid="0" p8:type="SequencePoint" ordinal="0" offset="0" sc="0" sl="5" ec="1" el="5" bec="0" bev="0" fileid="3" xmlns:p8="xsi" />
            </Method>
            <Method cyclomaticComplexity="0" nPathComplexity="0" sequenceCoverage="1" branchCoverage="0" isConstructor="False" isGetter="True" isSetter="False" isStatic="True">
              <Summary numSequencePoints="1" visitedSequencePoints="1" numBranchPoints="0" visitedBranchPoints="0" sequenceCoverage="1" branchCoverage="0" maxCyclomaticComplexity="0" minCyclomaticComplexity="0" visitedClasses="0" numClasses="0" visitedMethods="1" numMethods="1" />
              <MetadataToken />
              <Name>System.String TodoApp.API.Models.Folder::get_Title()</Name>
              <FileRef uid="3" />
              <SequencePoints>
                <SequencePoint vc="44" upsid="6" ordinal="0" sl="6" sc="1" el="6" ec="2" bec="0" bev="0" fileid="3" />
              </SequencePoints>
              <BranchPoints />
              <MethodPoint vc="1" upsid="0" p8:type="SequencePoint" ordinal="1" offset="1" sc="0" sl="6" ec="1" el="6" bec="0" bev="0" fileid="3" xmlns:p8="xsi" />
            </Method>
            <Method cyclomaticComplexity="0" nPathComplexity="0" sequenceCoverage="1" branchCoverage="0" isConstructor="False" isGetter="True" isSetter="False" isStatic="True">
              <Summary numSequencePoints="1" visitedSequencePoints="1" numBranchPoints="0" visitedBranchPoints="0" sequenceCoverage="1" branchCoverage="0" maxCyclomaticComplexity="0" minCyclomaticComplexity="0" visitedClasses="0" numClasses="0" visitedMethods="1" numMethods="1" />
              <MetadataToken />
              <Name>System.Int32 TodoApp.API.Models.Folder::get_UserId()</Name>
              <FileRef uid="3" />
              <SequencePoints>
                <SequencePoint vc="53" upsid="7" ordinal="0" sl="7" sc="1" el="7" ec="2" bec="0" bev="0" fileid="3" />
              </SequencePoints>
              <BranchPoints />
              <MethodPoint vc="1" upsid="0" p8:type="SequencePoint" ordinal="2" offset="2" sc="0" sl="7" ec="1" el="7" bec="0" bev="0" fileid="3" xmlns:p8="xsi" />
            </Method>
          </Methods>
        </Class>
        <Class>
          <Summary numSequencePoints="4" visitedSequencePoints="4" numBranchPoints="0" visitedBranchPoints="0" sequenceCoverage="1" branchCoverage="0" maxCyclomaticComplexity="0" minCyclomaticComplexity="0" visitedClasses="1" numClasses="1" visitedMethods="4" numMethods="4" />
          <FullName>TodoApp.API.Models.Todo</FullName>
          <Methods>
            <Method cyclomaticComplexity="0" nPathComplexity="0" sequenceCoverage="1" branchCoverage="0" isConstructor="False" isGetter="True" isSetter="False" isStatic="True">
              <Summary numSequencePoints="1" visitedSequencePoints="1" numBranchPoints="0" visitedBranchPoints="0" sequenceCoverage="1" branchCoverage="0" maxCyclomaticComplexity="0" minCyclomaticComplexity="0" visitedClasses="0" numClasses="0" visitedMethods="1" numMethods="1" />
              <MetadataToken />
              <Name>System.Int32 TodoApp.API.Models.Todo::get_Id()</Name>
              <FileRef uid="4" />
              <SequencePoints>
                <SequencePoint vc="145" upsid="5" ordinal="0" sl="5" sc="1" el="5" ec="2" bec="0" bev="0" fileid="4" />
              </SequencePoints>
              <BranchPoints />
              <MethodPoint vc="1" upsid="0" p8:type="SequencePoint" ordinal="0" offset="0" sc="0" sl="5" ec="1" el="5" bec="0" bev="0" fileid="4" xmlns:p8="xsi" />
            </Method>
            <Method cyclomaticComplexity="0" nPathComplexity="0" sequenceCoverage="1" branchCoverage="0" isConstructor="False" isGetter="True" isSetter="False" isStatic="True">
              <Summary numSequencePoints="1" visitedSequencePoints="1" numBranchPoints="0" visitedBranchPoints="0" sequenceCoverage="1" branchCoverage="0" maxCyclomaticComplexity="0" minCyclomaticComplexity="0" visitedClasses="0" numClasses="0" visitedMethods="1" numMethods="1" />
              <MetadataToken />
              <Name>System.String TodoApp.API.Models.Todo::get_Title()</Name>
              <FileRef uid="4" />
              <SequencePoints>
                <SequencePoint vc="62" upsid="6" ordinal="0" sl="6" sc="1" el="6" ec="2" bec="0" bev="0" fileid="4" />
              </SequencePoints>
              <BranchPoints />
              <MethodPoint vc="1" upsid="0" p8:type="SequencePoint" ordinal="1" offset="1" sc="0" sl="6" ec="1" el="6" bec="0" bev="0" fileid="4" xmlns:p8="xsi" />
            </Method>
            <Method cyclomaticComplexity="0" nPathComplexity="0" sequenceCoverage="1" branchCoverage="0" isConstructor="False" isGetter="True" isSetter="False" isStatic="True">
              <Summary numSequencePoints="1" visitedSequencePoints="1" numBranchPoints="0" visitedBranchPoints="0" sequenceCoverage="1" branchCoverage="0" maxCyclomaticComplexity="0" minCyclomaticComplexity="0" visitedClasses="0" numClasses="0" visitedMethods="1" numMethods="1" />
              <MetadataToken />
              <Name>System.Boolean TodoApp.API.Models.Todo::get_IsDone()</Name>
              <FileRef uid="4" />
              <SequencePoints>
                <SequencePoint vc="66" upsid="7" ordinal="0" sl="7" sc="1" el="7" ec="2" bec="0" bev="0" fileid="4" />
              </SequencePoints>
              <BranchPoints />
              <MethodPoint vc="1" upsid="0" p8:type="SequencePoint" ordinal="2" offset="2" sc="0" sl="7" ec="1" el="7" bec="0" bev="0" fileid="4" xmlns:p8="xsi" />
            </Method>
            <Method cyclomaticComplexity="0" nPathComplexity="0" sequenceCoverage="1" branchCoverage="0" isConstructor="False" isGetter="True" isSetter="False" isStatic="True">
              <Summary numSequencePoints="1" visitedSequencePoints="1" numBranchPoints="0" visitedBranchPoints="0" sequenceCoverage="1" branchCoverage="0" maxCyclomaticComplexity="0" minCyclomaticComplexity="0" visitedClasses="0" numClasses="0" visitedMethods="1" numMethods="1" />
              <MetadataToken />
              <Name>System.Int32 TodoApp.API.Models.Todo::get_FolderId()</Name>
              <FileRef uid="4" />
              <SequencePoints>
                <SequencePoint vc="88" upsid="8" ordinal="0" sl="8" sc="1" el="8" ec="2" bec="0" bev="0" fileid="4" />
              </SequencePoints>
              <BranchPoints />
              <MethodPoint vc="1" upsid="0" p8:type="SequencePoint" ordinal="3" offset="3" sc="0" sl="8" ec="1" el="8" bec="0" bev="0" fileid="4" xmlns:p8="xsi" />
            </Method>
          </Methods>
        </Class>
        <Class>
          <Summary numSequencePoints="1" visitedSequencePoints="1" numBranchPoints="0" visitedBranchPoints="0" sequenceCoverage="1" branchCoverage="0" maxCyclomaticComplexity="0" minCyclomaticComplexity="0" visitedClasses="1" numClasses="1" visitedMethods="1" numMethods="1" />
          <FullName>TodoApp.API.Models.Token</FullName>
          <Methods>
            <Method cyclomaticComplexity="0" nPathComplexity="0" sequenceCoverage="1" branchCoverage="0" isConstructor="False" isGetter="True" isSetter="False" isStatic="True">
              <Summary numSequencePoints="1" visitedSequencePoints="1" numBranchPoints="0" visitedBranchPoints="0" sequenceCoverage="1" branchCoverage="0" maxCyclomaticComplexity="0" minCyclomaticComplexity="0" visitedClasses="0" numClasses="0" visitedMethods="1" numMethods="1" />
              <MetadataToken />
              <Name>System.String TodoApp.API.Models.Token::get_token()</Name>
              <FileRef uid="5" />
              <SequencePoints>
                <SequencePoint vc="2" upsid="5" ordinal="0" sl="5" sc="1" el="5" ec="2" bec="0" bev="0" fileid="5" />
              </SequencePoints>
              <BranchPoints />
              <MethodPoint vc="1" upsid="0" p8:type="SequencePoint" ordinal="0" offset="0" sc="0" sl="5" ec="1" el="5" bec="0" bev="0" fileid="5" xmlns:p8="xsi" />
            </Method>
          </Methods>
        </Class>
        <Class>
          <Summary numSequencePoints="3" visitedSequencePoints="3" numBranchPoints="0" visitedBranchPoints="0" sequenceCoverage="1" branchCoverage="0" maxCyclomaticComplexity="0" minCyclomaticComplexity="0" visitedClasses="1" numClasses="1" visitedMethods="3" numMethods="3" />
          <FullName>TodoApp.API.Models.User</FullName>
          <Methods>
            <Method cyclomaticComplexity="0" nPathComplexity="0" sequenceCoverage="1" branchCoverage="0" isConstructor="False" isGetter="True" isSetter="False" isStatic="True">
              <Summary numSequencePoints="1" visitedSequencePoints="1" numBranchPoints="0" visitedBranchPoints="0" sequenceCoverage="1" branchCoverage="0" maxCyclomaticComplexity="0" minCyclomaticComplexity="0" visitedClasses="0" numClasses="0" visitedMethods="1" numMethods="1" />
              <MetadataToken />
              <Name>System.Int32 TodoApp.API.Models.User::get_Id()</Name>
              <FileRef uid="6" />
              <SequencePoints>
                <SequencePoint vc="79" upsid="5" ordinal="0" sl="5" sc="1" el="5" ec="2" bec="0" bev="0" fileid="6" />
              </SequencePoints>
              <BranchPoints />
              <MethodPoint vc="1" upsid="0" p8:type="SequencePoint" ordinal="0" offset="0" sc="0" sl="5" ec="1" el="5" bec="0" bev="0" fileid="6" xmlns:p8="xsi" />
            </Method>
            <Method cyclomaticComplexity="0" nPathComplexity="0" sequenceCoverage="1" branchCoverage="0" isConstructor="False" isGetter="True" isSetter="False" isStatic="True">
              <Summary numSequencePoints="1" visitedSequencePoints="1" numBranchPoints="0" visitedBranchPoints="0" sequenceCoverage="1" branchCoverage="0" maxCyclomaticComplexity="0" minCyclomaticComplexity="0" visitedClasses="0" numClasses="0" visitedMethods="1" numMethods="1" />
              <MetadataToken />
              <Name>System.String TodoApp.API.Models.User::get_Username()</Name>
              <FileRef uid="6" />
              <SequencePoints>
                <SequencePoint vc="70" upsid="6" ordinal="0" sl="6" sc="1" el="6" ec="2" bec="0" bev="0" fileid="6" />
              </SequencePoints>
              <BranchPoints />
              <MethodPoint vc="1" upsid="0" p8:type="SequencePoint" ordinal="1" offset="1" sc="0" sl="6" ec="1" el="6" bec="0" bev="0" fileid="6" xmlns:p8="xsi" />
            </Method>
            <Method cyclomaticComplexity="0" nPathComplexity="0" sequenceCoverage="1" branchCoverage="0" isConstructor="False" isGetter="True" isSetter="False" isStatic="True">
              <Summary numSequencePoints="1" visitedSequencePoints="1" numBranchPoints="0" visitedBranchPoints="0" sequenceCoverage="1" branchCoverage="0" maxCyclomaticComplexity="0" minCyclomaticComplexity="0" visitedClasses="0" numClasses="0" visitedMethods="1" numMethods="1" />
              <MetadataToken />
              <Name>System.String TodoApp.API.Models.User::get_Password()</Name>
              <FileRef uid="6" />
              <SequencePoints>
                <SequencePoint vc="61" upsid="7" ordinal="0" sl="7" sc="1" el="7" ec="2" bec="0" bev="0" fileid="6" />
              </SequencePoints>
              <BranchPoints />
              <MethodPoint vc="1" upsid="0" p8:type="SequencePoint" ordinal="2" offset="2" sc="0" sl="7" ec="1" el="7" bec="0" bev="0" fileid="6" xmlns:p8="xsi" />
            </Method>
          </Methods>
        </Class>
        <Class>
          <Summary numSequencePoints="50" visitedSequencePoints="0" numBranchPoints="12" visitedBranchPoints="0" sequenceCoverage="0" branchCoverage="0" maxCyclomaticComplexity="0" minCyclomaticComplexity="0" visitedClasses="0" numClasses="1" visitedMethods="0" numMethods="2" />
          <FullName>TodoApp.API.Migrations.InitialCreate</FullName>
          <Methods>
            <Method cyclomaticComplexity="0" nPathComplexity="0" sequenceCoverage="0" branchCoverage="0" isConstructor="False" isGetter="False" isSetter="False" isStatic="True">
              <Summary numSequencePoints="42" visitedSequencePoints="0" numBranchPoints="12" visitedBranchPoints="0" sequenceCoverage="0" branchCoverage="0" maxCyclomaticComplexity="0" minCyclomaticComplexity="0" visitedClasses="0" numClasses="0" visitedMethods="0" numMethods="1" />
              <MetadataToken />
              <Name>System.Void TodoApp.API.Migrations.InitialCreate::Up(Microsoft.EntityFrameworkCore.Migrations.MigrationBuilder)</Name>
              <FileRef uid="7" />
              <SequencePoints>
                <SequencePoint vc="0" upsid="8" ordinal="0" sl="8" sc="1" el="8" ec="2" bec="0" bev="0" fileid="7" />
                <SequencePoint vc="0" upsid="9" ordinal="1" sl="9" sc="1" el="9" ec="2" bec="0" bev="0" fileid="7" />
                <SequencePoint vc="0" upsid="10" ordinal="2" sl="10" sc="1" el="10" ec="2" bec="0" bev="0" fileid="7" />
                <SequencePoint vc="0" upsid="11" ordinal="3" sl="11" sc="1" el="11" ec="2" bec="0" bev="0" fileid="7" />
                <SequencePoint vc="0" upsid="12" ordinal="4" sl="12" sc="1" el="12" ec="2" bec="0" bev="0" fileid="7" />
                <SequencePoint vc="0" upsid="13" ordinal="5" sl="13" sc="1" el="13" ec="2" bec="0" bev="0" fileid="7" />
                <SequencePoint vc="0" upsid="14" ordinal="6" sl="14" sc="1" el="14" ec="2" bec="0" bev="0" fileid="7" />
                <SequencePoint vc="0" upsid="15" ordinal="7" sl="15" sc="1" el="15" ec="2" bec="0" bev="0" fileid="7" />
                <SequencePoint vc="0" upsid="16" ordinal="8" sl="16" sc="1" el="16" ec="2" bec="0" bev="0" fileid="7" />
                <SequencePoint vc="0" upsid="17" ordinal="9" sl="17" sc="1" el="17" ec="2" bec="0" bev="0" fileid="7" />
                <SequencePoint vc="0" upsid="18" ordinal="10" sl="18" sc="1" el="18" ec="2" bec="0" bev="0" fileid="7" />
                <SequencePoint vc="0" upsid="19" ordinal="11" sl="19" sc="1" el="19" ec="2" bec="0" bev="0" fileid="7" />
                <SequencePoint vc="0" upsid="20" ordinal="12" sl="20" sc="1" el="20" ec="2" bec="0" bev="0" fileid="7" />
                <SequencePoint vc="0" upsid="21" ordinal="13" sl="21" sc="1" el="21" ec="2" bec="0" bev="0" fileid="7" />
                <SequencePoint vc="0" upsid="23" ordinal="14" sl="23" sc="1" el="23" ec="2" bec="0" bev="0" fileid="7" />
                <SequencePoint vc="0" upsid="24" ordinal="15" sl="24" sc="1" el="24" ec="2" bec="0" bev="0" fileid="7" />
                <SequencePoint vc="0" upsid="25" ordinal="16" sl="25" sc="1" el="25" ec="2" bec="0" bev="0" fileid="7" />
                <SequencePoint vc="0" upsid="26" ordinal="17" sl="26" sc="1" el="26" ec="2" bec="0" bev="0" fileid="7" />
                <SequencePoint vc="0" upsid="27" ordinal="18" sl="27" sc="1" el="27" ec="2" bec="0" bev="0" fileid="7" />
                <SequencePoint vc="0" upsid="28" ordinal="19" sl="28" sc="1" el="28" ec="2" bec="0" bev="0" fileid="7" />
                <SequencePoint vc="0" upsid="29" ordinal="20" sl="29" sc="1" el="29" ec="2" bec="0" bev="0" fileid="7" />
                <SequencePoint vc="0" upsid="30" ordinal="21" sl="30" sc="1" el="30" ec="2" bec="0" bev="0" fileid="7" />
                <SequencePoint vc="0" upsid="31" ordinal="22" sl="31" sc="1" el="31" ec="2" bec="0" bev="0" fileid="7" />
                <SequencePoint vc="0" upsid="32" ordinal="23" sl="32" sc="1" el="32" ec="2" bec="0" bev="0" fileid="7" />
                <SequencePoint vc="0" upsid="33" ordinal="24" sl="33" sc="1" el="33" ec="2" bec="0" bev="0" fileid="7" />
                <SequencePoint vc="0" upsid="34" ordinal="25" sl="34" sc="1" el="34" ec="2" bec="0" bev="0" fileid="7" />
                <SequencePoint vc="0" upsid="35" ordinal="26" sl="35" sc="1" el="35" ec="2" bec="0" bev="0" fileid="7" />
                <SequencePoint vc="0" upsid="36" ordinal="27" sl="36" sc="1" el="36" ec="2" bec="0" bev="0" fileid="7" />
                <SequencePoint vc="0" upsid="38" ordinal="28" sl="38" sc="1" el="38" ec="2" bec="0" bev="0" fileid="7" />
                <SequencePoint vc="0" upsid="39" ordinal="29" sl="39" sc="1" el="39" ec="2" bec="0" bev="0" fileid="7" />
                <SequencePoint vc="0" upsid="40" ordinal="30" sl="40" sc="1" el="40" ec="2" bec="0" bev="0" fileid="7" />
                <SequencePoint vc="0" upsid="41" ordinal="31" sl="41" sc="1" el="41" ec="2" bec="0" bev="0" fileid="7" />
                <SequencePoint vc="0" upsid="42" ordinal="32" sl="42" sc="1" el="42" ec="2" bec="0" bev="0" fileid="7" />
                <SequencePoint vc="0" upsid="43" ordinal="33" sl="43" sc="1" el="43" ec="2" bec="0" bev="0" fileid="7" />
                <SequencePoint vc="0" upsid="44" ordinal="34" sl="44" sc="1" el="44" ec="2" bec="0" bev="0" fileid="7" />
                <SequencePoint vc="0" upsid="45" ordinal="35" sl="45" sc="1" el="45" ec="2" bec="0" bev="0" fileid="7" />
                <SequencePoint vc="0" upsid="46" ordinal="36" sl="46" sc="1" el="46" ec="2" bec="0" bev="0" fileid="7" />
                <SequencePoint vc="0" upsid="47" ordinal="37" sl="47" sc="1" el="47" ec="2" bec="0" bev="0" fileid="7" />
                <SequencePoint vc="0" upsid="48" ordinal="38" sl="48" sc="1" el="48" ec="2" bec="0" bev="0" fileid="7" />
                <SequencePoint vc="0" upsid="49" ordinal="39" sl="49" sc="1" el="49" ec="2" bec="0" bev="0" fileid="7" />
                <SequencePoint vc="0" upsid="50" ordinal="40" sl="50" sc="1" el="50" ec="2" bec="0" bev="0" fileid="7" />
                <SequencePoint vc="0" upsid="51" ordinal="41" sl="51" sc="1" el="51" ec="2" bec="0" bev="0" fileid="7" />
              </SequencePoints>
              <BranchPoints>
                <BranchPoint vc="0" upsid="9" ordinal="0" path="0" offset="13" offsetend="15" sl="9" fileid="7" />
                <BranchPoint vc="0" upsid="9" ordinal="1" path="1" offset="13" offsetend="38" sl="9" fileid="7" />
                <BranchPoint vc="0" upsid="9" ordinal="2" path="0" offset="45" offsetend="47" sl="9" fileid="7" />
                <BranchPoint vc="0" upsid="9" ordinal="3" path="1" offset="45" offsetend="70" sl="9" fileid="7" />
                <BranchPoint vc="0" upsid="23" ordinal="4" path="0" offset="88" offsetend="90" sl="23" fileid="7" />
                <BranchPoint vc="0" upsid="23" ordinal="5" path="1" offset="88" offsetend="113" sl="23" fileid="7" />
                <BranchPoint vc="0" upsid="23" ordinal="6" path="0" offset="120" offsetend="122" sl="23" fileid="7" />
                <BranchPoint vc="0" upsid="23" ordinal="7" path="1" offset="120" offsetend="145" sl="23" fileid="7" />
                <BranchPoint vc="0" upsid="38" ordinal="8" path="0" offset="163" offsetend="165" sl="38" fileid="7" />
                <BranchPoint vc="0" upsid="38" ordinal="9" path="1" offset="163" offsetend="188" sl="38" fileid="7" />
                <BranchPoint vc="0" upsid="38" ordinal="10" path="0" offset="195" offsetend="197" sl="38" fileid="7" />
                <BranchPoint vc="0" upsid="38" ordinal="11" path="1" offset="195" offsetend="220" sl="38" fileid="7" />
              </BranchPoints>
              <MethodPoint vc="0" upsid="0" p8:type="SequencePoint" ordinal="0" offset="0" sc="0" sl="8" ec="1" el="51" bec="0" bev="0" fileid="7" xmlns:p8="xsi" />
            </Method>
            <Method cyclomaticComplexity="0" nPathComplexity="0" sequenceCoverage="0" branchCoverage="0" isConstructor="False" isGetter="False" isSetter="False" isStatic="True">
              <Summary numSequencePoints="8" visitedSequencePoints="0" numBranchPoints="0" visitedBranchPoints="0" sequenceCoverage="0" branchCoverage="0" maxCyclomaticComplexity="0" minCyclomaticComplexity="0" visitedClasses="0" numClasses="0" visitedMethods="0" numMethods="1" />
              <MetadataToken />
              <Name>System.Void TodoApp.API.Migrations.InitialCreate::Down(Microsoft.EntityFrameworkCore.Migrations.MigrationBuilder)</Name>
              <FileRef uid="7" />
              <SequencePoints>
                <SequencePoint vc="0" upsid="54" ordinal="0" sl="54" sc="1" el="54" ec="2" bec="0" bev="0" fileid="7" />
                <SequencePoint vc="0" upsid="55" ordinal="1" sl="55" sc="1" el="55" ec="2" bec="0" bev="0" fileid="7" />
                <SequencePoint vc="0" upsid="56" ordinal="2" sl="56" sc="1" el="56" ec="2" bec="0" bev="0" fileid="7" />
                <SequencePoint vc="0" upsid="58" ordinal="3" sl="58" sc="1" el="58" ec="2" bec="0" bev="0" fileid="7" />
                <SequencePoint vc="0" upsid="59" ordinal="4" sl="59" sc="1" el="59" ec="2" bec="0" bev="0" fileid="7" />
                <SequencePoint vc="0" upsid="61" ordinal="5" sl="61" sc="1" el="61" ec="2" bec="0" bev="0" fileid="7" />
                <SequencePoint vc="0" upsid="62" ordinal="6" sl="62" sc="1" el="62" ec="2" bec="0" bev="0" fileid="7" />
                <SequencePoint vc="0" upsid="63" ordinal="7" sl="63" sc="1" el="63" ec="2" bec="0" bev="0" fileid="7" />
              </SequencePoints>
              <BranchPoints />
              <MethodPoint vc="0" upsid="0" p8:type="SequencePoint" ordinal="1" offset="1" sc="0" sl="54" ec="1" el="63" bec="0" bev="0" fileid="7" xmlns:p8="xsi" />
            </Method>
          </Methods>
        </Class>
        <Class>
          <Summary numSequencePoints="45" visitedSequencePoints="0" numBranchPoints="6" visitedBranchPoints="0" sequenceCoverage="0" branchCoverage="0" maxCyclomaticComplexity="0" minCyclomaticComplexity="0" visitedClasses="0" numClasses="1" visitedMethods="0" numMethods="1" />
          <FullName>TodoApp.API.Migrations.InitialCreate</FullName>
          <Methods>
            <Method cyclomaticComplexity="0" nPathComplexity="0" sequenceCoverage="0" branchCoverage="0" isConstructor="False" isGetter="False" isSetter="False" isStatic="True">
              <Summary numSequencePoints="45" visitedSequencePoints="0" numBranchPoints="6" visitedBranchPoints="0" sequenceCoverage="0" branchCoverage="0" maxCyclomaticComplexity="0" minCyclomaticComplexity="0" visitedClasses="0" numClasses="0" visitedMethods="0" numMethods="1" />
              <MetadataToken />
              <Name>System.Void TodoApp.API.Migrations.InitialCreate::BuildTargetModel(Microsoft.EntityFrameworkCore.ModelBuilder)</Name>
              <FileRef uid="8" />
              <SequencePoints>
                <SequencePoint vc="0" upsid="15" ordinal="0" sl="15" sc="1" el="15" ec="2" bec="0" bev="0" fileid="8" />
                <SequencePoint vc="0" upsid="17" ordinal="1" sl="17" sc="1" el="17" ec="2" bec="0" bev="0" fileid="8" />
                <SequencePoint vc="0" upsid="18" ordinal="2" sl="18" sc="1" el="18" ec="2" bec="0" bev="0" fileid="8" />
                <SequencePoint vc="0" upsid="20" ordinal="3" sl="20" sc="1" el="20" ec="2" bec="0" bev="0" fileid="8" />
                <SequencePoint vc="0" upsid="21" ordinal="4" sl="21" sc="1" el="21" ec="2" bec="0" bev="0" fileid="8" />
                <SequencePoint vc="0" upsid="22" ordinal="5" sl="22" sc="1" el="22" ec="2" bec="0" bev="0" fileid="8" />
                <SequencePoint vc="0" upsid="23" ordinal="6" sl="23" sc="1" el="23" ec="2" bec="0" bev="0" fileid="8" />
                <SequencePoint vc="0" upsid="24" ordinal="7" sl="24" sc="1" el="24" ec="2" bec="0" bev="0" fileid="8" />
                <SequencePoint vc="0" upsid="25" ordinal="8" sl="25" sc="1" el="25" ec="2" bec="0" bev="0" fileid="8" />
                <SequencePoint vc="0" upsid="26" ordinal="9" sl="26" sc="1" el="26" ec="2" bec="0" bev="0" fileid="8" />
                <SequencePoint vc="0" upsid="27" ordinal="10" sl="27" sc="1" el="27" ec="2" bec="0" bev="0" fileid="8" />
                <SequencePoint vc="0" upsid="28" ordinal="11" sl="28" sc="1" el="28" ec="2" bec="0" bev="0" fileid="8" />
                <SequencePoint vc="0" upsid="29" ordinal="12" sl="29" sc="1" el="29" ec="2" bec="0" bev="0" fileid="8" />
                <SequencePoint vc="0" upsid="30" ordinal="13" sl="30" sc="1" el="30" ec="2" bec="0" bev="0" fileid="8" />
                <SequencePoint vc="0" upsid="31" ordinal="14" sl="31" sc="1" el="31" ec="2" bec="0" bev="0" fileid="8" />
                <SequencePoint vc="0" upsid="32" ordinal="15" sl="32" sc="1" el="32" ec="2" bec="0" bev="0" fileid="8" />
                <SequencePoint vc="0" upsid="34" ordinal="16" sl="34" sc="1" el="34" ec="2" bec="0" bev="0" fileid="8" />
                <SequencePoint vc="0" upsid="35" ordinal="17" sl="35" sc="1" el="35" ec="2" bec="0" bev="0" fileid="8" />
                <SequencePoint vc="0" upsid="36" ordinal="18" sl="36" sc="1" el="36" ec="2" bec="0" bev="0" fileid="8" />
                <SequencePoint vc="0" upsid="37" ordinal="19" sl="37" sc="1" el="37" ec="2" bec="0" bev="0" fileid="8" />
                <SequencePoint vc="0" upsid="38" ordinal="20" sl="38" sc="1" el="38" ec="2" bec="0" bev="0" fileid="8" />
                <SequencePoint vc="0" upsid="39" ordinal="21" sl="39" sc="1" el="39" ec="2" bec="0" bev="0" fileid="8" />
                <SequencePoint vc="0" upsid="40" ordinal="22" sl="40" sc="1" el="40" ec="2" bec="0" bev="0" fileid="8" />
                <SequencePoint vc="0" upsid="41" ordinal="23" sl="41" sc="1" el="41" ec="2" bec="0" bev="0" fileid="8" />
                <SequencePoint vc="0" upsid="42" ordinal="24" sl="42" sc="1" el="42" ec="2" bec="0" bev="0" fileid="8" />
                <SequencePoint vc="0" upsid="43" ordinal="25" sl="43" sc="1" el="43" ec="2" bec="0" bev="0" fileid="8" />
                <SequencePoint vc="0" upsid="44" ordinal="26" sl="44" sc="1" el="44" ec="2" bec="0" bev="0" fileid="8" />
                <SequencePoint vc="0" upsid="45" ordinal="27" sl="45" sc="1" el="45" ec="2" bec="0" bev="0" fileid="8" />
                <SequencePoint vc="0" upsid="46" ordinal="28" sl="46" sc="1" el="46" ec="2" bec="0" bev="0" fileid="8" />
                <SequencePoint vc="0" upsid="47" ordinal="29" sl="47" sc="1" el="47" ec="2" bec="0" bev="0" fileid="8" />
                <SequencePoint vc="0" upsid="48" ordinal="30" sl="48" sc="1" el="48" ec="2" bec="0" bev="0" fileid="8" />
                <SequencePoint vc="0" upsid="50" ordinal="31" sl="50" sc="1" el="50" ec="2" bec="0" bev="0" fileid="8" />
                <SequencePoint vc="0" upsid="51" ordinal="32" sl="51" sc="1" el="51" ec="2" bec="0" bev="0" fileid="8" />
                <SequencePoint vc="0" upsid="52" ordinal="33" sl="52" sc="1" el="52" ec="2" bec="0" bev="0" fileid="8" />
                <SequencePoint vc="0" upsid="53" ordinal="34" sl="53" sc="1" el="53" ec="2" bec="0" bev="0" fileid="8" />
                <SequencePoint vc="0" upsid="54" ordinal="35" sl="54" sc="1" el="54" ec="2" bec="0" bev="0" fileid="8" />
                <SequencePoint vc="0" upsid="55" ordinal="36" sl="55" sc="1" el="55" ec="2" bec="0" bev="0" fileid="8" />
                <SequencePoint vc="0" upsid="56" ordinal="37" sl="56" sc="1" el="56" ec="2" bec="0" bev="0" fileid="8" />
                <SequencePoint vc="0" upsid="57" ordinal="38" sl="57" sc="1" el="57" ec="2" bec="0" bev="0" fileid="8" />
                <SequencePoint vc="0" upsid="58" ordinal="39" sl="58" sc="1" el="58" ec="2" bec="0" bev="0" fileid="8" />
                <SequencePoint vc="0" upsid="59" ordinal="40" sl="59" sc="1" el="59" ec="2" bec="0" bev="0" fileid="8" />
                <SequencePoint vc="0" upsid="60" ordinal="41" sl="60" sc="1" el="60" ec="2" bec="0" bev="0" fileid="8" />
                <SequencePoint vc="0" upsid="61" ordinal="42" sl="61" sc="1" el="61" ec="2" bec="0" bev="0" fileid="8" />
                <SequencePoint vc="0" upsid="62" ordinal="43" sl="62" sc="1" el="62" ec="2" bec="0" bev="0" fileid="8" />
                <SequencePoint vc="0" upsid="64" ordinal="44" sl="64" sc="1" el="64" ec="2" bec="0" bev="0" fileid="8" />
              </SequencePoints>
              <BranchPoints>
                <BranchPoint vc="0" upsid="20" ordinal="0" path="0" offset="30" offsetend="32" sl="20" fileid="8" />
                <BranchPoint vc="0" upsid="20" ordinal="1" path="1" offset="30" offsetend="55" sl="20" fileid="8" />
                <BranchPoint vc="0" upsid="34" ordinal="2" path="0" offset="73" offsetend="75" sl="34" fileid="8" />
                <BranchPoint vc="0" upsid="34" ordinal="3" path="1" offset="73" offsetend="98" sl="34" fileid="8" />
                <BranchPoint vc="0" upsid="50" ordinal="4" path="0" offset="116" offsetend="118" sl="50" fileid="8" />
                <BranchPoint vc="0" upsid="50" ordinal="5" path="1" offset="116" offsetend="141" sl="50" fileid="8" />
              </BranchPoints>
              <MethodPoint vc="0" upsid="0" p8:type="SequencePoint" ordinal="0" offset="0" sc="0" sl="15" ec="1" el="64" bec="0" bev="0" fileid="8" xmlns:p8="xsi" />
            </Method>
          </Methods>
        </Class>
        <Class>
          <Summary numSequencePoints="45" visitedSequencePoints="0" numBranchPoints="6" visitedBranchPoints="0" sequenceCoverage="0" branchCoverage="0" maxCyclomaticComplexity="0" minCyclomaticComplexity="0" visitedClasses="0" numClasses="1" visitedMethods="0" numMethods="1" />
          <FullName>TodoApp.API.Migrations.DataContextModelSnapshot</FullName>
          <Methods>
            <Method cyclomaticComplexity="0" nPathComplexity="0" sequenceCoverage="0" branchCoverage="0" isConstructor="False" isGetter="False" isSetter="False" isStatic="True">
              <Summary numSequencePoints="45" visitedSequencePoints="0" numBranchPoints="6" visitedBranchPoints="0" sequenceCoverage="0" branchCoverage="0" maxCyclomaticComplexity="0" minCyclomaticComplexity="0" visitedClasses="0" numClasses="0" visitedMethods="0" numMethods="1" />
              <MetadataToken />
              <Name>System.Void TodoApp.API.Migrations.DataContextModelSnapshot::BuildModel(Microsoft.EntityFrameworkCore.ModelBuilder)</Name>
              <FileRef uid="9" />
              <SequencePoints>
                <SequencePoint vc="0" upsid="13" ordinal="0" sl="13" sc="1" el="13" ec="2" bec="0" bev="0" fileid="9" />
                <SequencePoint vc="0" upsid="15" ordinal="1" sl="15" sc="1" el="15" ec="2" bec="0" bev="0" fileid="9" />
                <SequencePoint vc="0" upsid="16" ordinal="2" sl="16" sc="1" el="16" ec="2" bec="0" bev="0" fileid="9" />
                <SequencePoint vc="0" upsid="18" ordinal="3" sl="18" sc="1" el="18" ec="2" bec="0" bev="0" fileid="9" />
                <SequencePoint vc="0" upsid="19" ordinal="4" sl="19" sc="1" el="19" ec="2" bec="0" bev="0" fileid="9" />
                <SequencePoint vc="0" upsid="20" ordinal="5" sl="20" sc="1" el="20" ec="2" bec="0" bev="0" fileid="9" />
                <SequencePoint vc="0" upsid="21" ordinal="6" sl="21" sc="1" el="21" ec="2" bec="0" bev="0" fileid="9" />
                <SequencePoint vc="0" upsid="22" ordinal="7" sl="22" sc="1" el="22" ec="2" bec="0" bev="0" fileid="9" />
                <SequencePoint vc="0" upsid="23" ordinal="8" sl="23" sc="1" el="23" ec="2" bec="0" bev="0" fileid="9" />
                <SequencePoint vc="0" upsid="24" ordinal="9" sl="24" sc="1" el="24" ec="2" bec="0" bev="0" fileid="9" />
                <SequencePoint vc="0" upsid="25" ordinal="10" sl="25" sc="1" el="25" ec="2" bec="0" bev="0" fileid="9" />
                <SequencePoint vc="0" upsid="26" ordinal="11" sl="26" sc="1" el="26" ec="2" bec="0" bev="0" fileid="9" />
                <SequencePoint vc="0" upsid="27" ordinal="12" sl="27" sc="1" el="27" ec="2" bec="0" bev="0" fileid="9" />
                <SequencePoint vc="0" upsid="28" ordinal="13" sl="28" sc="1" el="28" ec="2" bec="0" bev="0" fileid="9" />
                <SequencePoint vc="0" upsid="29" ordinal="14" sl="29" sc="1" el="29" ec="2" bec="0" bev="0" fileid="9" />
                <SequencePoint vc="0" upsid="30" ordinal="15" sl="30" sc="1" el="30" ec="2" bec="0" bev="0" fileid="9" />
                <SequencePoint vc="0" upsid="32" ordinal="16" sl="32" sc="1" el="32" ec="2" bec="0" bev="0" fileid="9" />
                <SequencePoint vc="0" upsid="33" ordinal="17" sl="33" sc="1" el="33" ec="2" bec="0" bev="0" fileid="9" />
                <SequencePoint vc="0" upsid="34" ordinal="18" sl="34" sc="1" el="34" ec="2" bec="0" bev="0" fileid="9" />
                <SequencePoint vc="0" upsid="35" ordinal="19" sl="35" sc="1" el="35" ec="2" bec="0" bev="0" fileid="9" />
                <SequencePoint vc="0" upsid="36" ordinal="20" sl="36" sc="1" el="36" ec="2" bec="0" bev="0" fileid="9" />
                <SequencePoint vc="0" upsid="37" ordinal="21" sl="37" sc="1" el="37" ec="2" bec="0" bev="0" fileid="9" />
                <SequencePoint vc="0" upsid="38" ordinal="22" sl="38" sc="1" el="38" ec="2" bec="0" bev="0" fileid="9" />
                <SequencePoint vc="0" upsid="39" ordinal="23" sl="39" sc="1" el="39" ec="2" bec="0" bev="0" fileid="9" />
                <SequencePoint vc="0" upsid="40" ordinal="24" sl="40" sc="1" el="40" ec="2" bec="0" bev="0" fileid="9" />
                <SequencePoint vc="0" upsid="41" ordinal="25" sl="41" sc="1" el="41" ec="2" bec="0" bev="0" fileid="9" />
                <SequencePoint vc="0" upsid="42" ordinal="26" sl="42" sc="1" el="42" ec="2" bec="0" bev="0" fileid="9" />
                <SequencePoint vc="0" upsid="43" ordinal="27" sl="43" sc="1" el="43" ec="2" bec="0" bev="0" fileid="9" />
                <SequencePoint vc="0" upsid="44" ordinal="28" sl="44" sc="1" el="44" ec="2" bec="0" bev="0" fileid="9" />
                <SequencePoint vc="0" upsid="45" ordinal="29" sl="45" sc="1" el="45" ec="2" bec="0" bev="0" fileid="9" />
                <SequencePoint vc="0" upsid="46" ordinal="30" sl="46" sc="1" el="46" ec="2" bec="0" bev="0" fileid="9" />
                <SequencePoint vc="0" upsid="48" ordinal="31" sl="48" sc="1" el="48" ec="2" bec="0" bev="0" fileid="9" />
                <SequencePoint vc="0" upsid="49" ordinal="32" sl="49" sc="1" el="49" ec="2" bec="0" bev="0" fileid="9" />
                <SequencePoint vc="0" upsid="50" ordinal="33" sl="50" sc="1" el="50" ec="2" bec="0" bev="0" fileid="9" />
                <SequencePoint vc="0" upsid="51" ordinal="34" sl="51" sc="1" el="51" ec="2" bec="0" bev="0" fileid="9" />
                <SequencePoint vc="0" upsid="52" ordinal="35" sl="52" sc="1" el="52" ec="2" bec="0" bev="0" fileid="9" />
                <SequencePoint vc="0" upsid="53" ordinal="36" sl="53" sc="1" el="53" ec="2" bec="0" bev="0" fileid="9" />
                <SequencePoint vc="0" upsid="54" ordinal="37" sl="54" sc="1" el="54" ec="2" bec="0" bev="0" fileid="9" />
                <SequencePoint vc="0" upsid="55" ordinal="38" sl="55" sc="1" el="55" ec="2" bec="0" bev="0" fileid="9" />
                <SequencePoint vc="0" upsid="56" ordinal="39" sl="56" sc="1" el="56" ec="2" bec="0" bev="0" fileid="9" />
                <SequencePoint vc="0" upsid="57" ordinal="40" sl="57" sc="1" el="57" ec="2" bec="0" bev="0" fileid="9" />
                <SequencePoint vc="0" upsid="58" ordinal="41" sl="58" sc="1" el="58" ec="2" bec="0" bev="0" fileid="9" />
                <SequencePoint vc="0" upsid="59" ordinal="42" sl="59" sc="1" el="59" ec="2" bec="0" bev="0" fileid="9" />
                <SequencePoint vc="0" upsid="60" ordinal="43" sl="60" sc="1" el="60" ec="2" bec="0" bev="0" fileid="9" />
                <SequencePoint vc="0" upsid="62" ordinal="44" sl="62" sc="1" el="62" ec="2" bec="0" bev="0" fileid="9" />
              </SequencePoints>
              <BranchPoints>
                <BranchPoint vc="0" upsid="18" ordinal="0" path="0" offset="30" offsetend="32" sl="18" fileid="9" />
                <BranchPoint vc="0" upsid="18" ordinal="1" path="1" offset="30" offsetend="55" sl="18" fileid="9" />
                <BranchPoint vc="0" upsid="32" ordinal="2" path="0" offset="73" offsetend="75" sl="32" fileid="9" />
                <BranchPoint vc="0" upsid="32" ordinal="3" path="1" offset="73" offsetend="98" sl="32" fileid="9" />
                <BranchPoint vc="0" upsid="48" ordinal="4" path="0" offset="116" offsetend="118" sl="48" fileid="9" />
                <BranchPoint vc="0" upsid="48" ordinal="5" path="1" offset="116" offsetend="141" sl="48" fileid="9" />
              </BranchPoints>
              <MethodPoint vc="0" upsid="0" p8:type="SequencePoint" ordinal="0" offset="0" sc="0" sl="13" ec="1" el="62" bec="0" bev="0" fileid="9" xmlns:p8="xsi" />
            </Method>
          </Methods>
        </Class>
        <Class>
          <Summary numSequencePoints="23" visitedSequencePoints="23" numBranchPoints="4" visitedBranchPoints="4" sequenceCoverage="1" branchCoverage="1" maxCyclomaticComplexity="0" minCyclomaticComplexity="0" visitedClasses="1" numClasses="1" visitedMethods="4" numMethods="4" />
          <FullName>TodoApp.API.Managers.Implementation.FolderManager</FullName>
          <Methods>
            <Method cyclomaticComplexity="0" nPathComplexity="0" sequenceCoverage="1" branchCoverage="0" isConstructor="False" isGetter="False" isSetter="False" isStatic="True">
              <Summary numSequencePoints="6" visitedSequencePoints="6" numBranchPoints="0" visitedBranchPoints="0" sequenceCoverage="1" branchCoverage="0" maxCyclomaticComplexity="0" minCyclomaticComplexity="0" visitedClasses="0" numClasses="0" visitedMethods="1" numMethods="1" />
              <MetadataToken />
              <Name>TodoApp.API.Models.Folder TodoApp.API.Managers.Implementation.FolderManager::AddFolder(System.String,System.Int32)</Name>
              <FileRef uid="10" />
              <SequencePoints>
                <SequencePoint vc="1" upsid="22" ordinal="0" sl="22" sc="1" el="22" ec="2" bec="0" bev="0" fileid="10" />
                <SequencePoint vc="1" upsid="23" ordinal="1" sl="23" sc="1" el="23" ec="2" bec="0" bev="0" fileid="10" />
                <SequencePoint vc="1" upsid="24" ordinal="2" sl="24" sc="1" el="24" ec="2" bec="0" bev="0" fileid="10" />
                <SequencePoint vc="1" upsid="25" ordinal="3" sl="25" sc="1" el="25" ec="2" bec="0" bev="0" fileid="10" />
                <SequencePoint vc="1" upsid="26" ordinal="4" sl="26" sc="1" el="26" ec="2" bec="0" bev="0" fileid="10" />
                <SequencePoint vc="1" upsid="27" ordinal="5" sl="27" sc="1" el="27" ec="2" bec="0" bev="0" fileid="10" />
              </SequencePoints>
              <BranchPoints />
              <MethodPoint vc="6" upsid="0" p8:type="SequencePoint" ordinal="0" offset="0" sc="0" sl="22" ec="1" el="27" bec="0" bev="0" fileid="10" xmlns:p8="xsi" />
            </Method>
            <Method cyclomaticComplexity="0" nPathComplexity="0" sequenceCoverage="1" branchCoverage="0" isConstructor="False" isGetter="False" isSetter="False" isStatic="True">
              <Summary numSequencePoints="3" visitedSequencePoints="3" numBranchPoints="0" visitedBranchPoints="0" sequenceCoverage="1" branchCoverage="0" maxCyclomaticComplexity="0" minCyclomaticComplexity="0" visitedClasses="0" numClasses="0" visitedMethods="1" numMethods="1" />
              <MetadataToken />
              <Name>System.Collections.Generic.List`1&lt;TodoApp.API.Models.Folder&gt; TodoApp.API.Managers.Implementation.FolderManager::GetFolders(System.Int32)</Name>
              <FileRef uid="10" />
              <SequencePoints>
                <SequencePoint vc="1" upsid="30" ordinal="0" sl="30" sc="1" el="30" ec="2" bec="0" bev="0" fileid="10" />
                <SequencePoint vc="1" upsid="31" ordinal="1" sl="31" sc="1" el="31" ec="2" bec="0" bev="0" fileid="10" />
                <SequencePoint vc="1" upsid="32" ordinal="2" sl="32" sc="1" el="32" ec="2" bec="0" bev="0" fileid="10" />
              </SequencePoints>
              <BranchPoints />
              <MethodPoint vc="3" upsid="0" p8:type="SequencePoint" ordinal="1" offset="1" sc="0" sl="30" ec="1" el="32" bec="0" bev="0" fileid="10" xmlns:p8="xsi" />
            </Method>
            <Method cyclomaticComplexity="0" nPathComplexity="0" sequenceCoverage="1" branchCoverage="1" isConstructor="False" isGetter="False" isSetter="False" isStatic="True">
              <Summary numSequencePoints="10" visitedSequencePoints="10" numBranchPoints="4" visitedBranchPoints="4" sequenceCoverage="1" branchCoverage="1" maxCyclomaticComplexity="0" minCyclomaticComplexity="0" visitedClasses="0" numClasses="0" visitedMethods="1" numMethods="1" />
              <MetadataToken />
              <Name>System.Boolean TodoApp.API.Managers.Implementation.FolderManager::RemoveFolder(System.Int32,System.Int32)</Name>
              <FileRef uid="10" />
              <SequencePoints>
                <SequencePoint vc="3" upsid="35" ordinal="0" sl="35" sc="1" el="35" ec="2" bec="0" bev="0" fileid="10" />
                <SequencePoint vc="3" upsid="36" ordinal="1" sl="36" sc="1" el="36" ec="2" bec="0" bev="0" fileid="10" />
                <SequencePoint vc="3" upsid="38" ordinal="2" sl="38" sc="1" el="38" ec="2" bec="0" bev="0" fileid="10" />
                <SequencePoint vc="1" upsid="39" ordinal="3" sl="39" sc="1" el="39" ec="2" bec="0" bev="0" fileid="10" />
                <SequencePoint vc="2" upsid="41" ordinal="4" sl="41" sc="1" el="41" ec="2" bec="0" bev="0" fileid="10" />
                <SequencePoint vc="1" upsid="42" ordinal="5" sl="42" sc="1" el="42" ec="2" bec="0" bev="0" fileid="10" />
                <SequencePoint vc="1" upsid="44" ordinal="6" sl="44" sc="1" el="44" ec="2" bec="0" bev="0" fileid="10" />
                <SequencePoint vc="1" upsid="45" ordinal="7" sl="45" sc="1" el="45" ec="2" bec="0" bev="0" fileid="10" />
                <SequencePoint vc="1" upsid="46" ordinal="8" sl="46" sc="1" el="46" ec="2" bec="0" bev="0" fileid="10" />
                <SequencePoint vc="3" upsid="48" ordinal="9" sl="48" sc="1" el="48" ec="2" bec="0" bev="0" fileid="10" />
              </SequencePoints>
              <BranchPoints>
                <BranchPoint vc="1" upsid="38" ordinal="0" path="0" offset="20" offsetend="22" sl="38" fileid="10" />
                <BranchPoint vc="3" upsid="38" ordinal="1" path="1" offset="20" offsetend="26" sl="38" fileid="10" />
                <BranchPoint vc="1" upsid="41" ordinal="2" path="0" offset="40" offsetend="42" sl="41" fileid="10" />
                <BranchPoint vc="1" upsid="41" ordinal="3" path="1" offset="40" offsetend="46" sl="41" fileid="10" />
              </BranchPoints>
              <MethodPoint vc="10" upsid="0" p8:type="SequencePoint" ordinal="2" offset="2" sc="0" sl="35" ec="1" el="48" bec="0" bev="0" fileid="10" xmlns:p8="xsi" />
            </Method>
            <Method cyclomaticComplexity="0" nPathComplexity="0" sequenceCoverage="1" branchCoverage="0" isConstructor="False" isGetter="False" isSetter="False" isStatic="True">
              <Summary numSequencePoints="4" visitedSequencePoints="4" numBranchPoints="0" visitedBranchPoints="0" sequenceCoverage="1" branchCoverage="0" maxCyclomaticComplexity="0" minCyclomaticComplexity="0" visitedClasses="0" numClasses="0" visitedMethods="1" numMethods="1" />
              <MetadataToken />
              <Name>System.Void TodoApp.API.Managers.Implementation.FolderManager::CreateRecentFolder(System.Int32)</Name>
              <FileRef uid="10" />
              <SequencePoints>
                <SequencePoint vc="1" upsid="51" ordinal="0" sl="51" sc="1" el="51" ec="2" bec="0" bev="0" fileid="10" />
                <SequencePoint vc="1" upsid="52" ordinal="1" sl="52" sc="1" el="52" ec="2" bec="0" bev="0" fileid="10" />
                <SequencePoint vc="1" upsid="53" ordinal="2" sl="53" sc="1" el="53" ec="2" bec="0" bev="0" fileid="10" />
                <SequencePoint vc="1" upsid="54" ordinal="3" sl="54" sc="1" el="54" ec="2" bec="0" bev="0" fileid="10" />
              </SequencePoints>
              <BranchPoints />
              <MethodPoint vc="4" upsid="0" p8:type="SequencePoint" ordinal="3" offset="3" sc="0" sl="51" ec="1" el="54" bec="0" bev="0" fileid="10" xmlns:p8="xsi" />
            </Method>
          </Methods>
        </Class>
        <Class>
          <Summary numSequencePoints="29" visitedSequencePoints="29" numBranchPoints="8" visitedBranchPoints="8" sequenceCoverage="1" branchCoverage="1" maxCyclomaticComplexity="0" minCyclomaticComplexity="0" visitedClasses="1" numClasses="1" visitedMethods="5" numMethods="5" />
          <FullName>TodoApp.API.Managers.Implementation.TodoManager</FullName>
          <Methods>
            <Method cyclomaticComplexity="0" nPathComplexity="0" sequenceCoverage="1" branchCoverage="0" isConstructor="False" isGetter="False" isSetter="False" isStatic="True">
              <Summary numSequencePoints="3" visitedSequencePoints="3" numBranchPoints="0" visitedBranchPoints="0" sequenceCoverage="1" branchCoverage="0" maxCyclomaticComplexity="0" minCyclomaticComplexity="0" visitedClasses="0" numClasses="0" visitedMethods="1" numMethods="1" />
              <MetadataToken />
              <Name>System.Collections.Generic.List`1&lt;TodoApp.API.Models.Todo&gt; TodoApp.API.Managers.Implementation.TodoManager::GetTodos(System.Int32)</Name>
              <FileRef uid="11" />
              <SequencePoints>
                <SequencePoint vc="1" upsid="19" ordinal="0" sl="19" sc="1" el="19" ec="2" bec="0" bev="0" fileid="11" />
                <SequencePoint vc="1" upsid="20" ordinal="1" sl="20" sc="1" el="20" ec="2" bec="0" bev="0" fileid="11" />
                <SequencePoint vc="1" upsid="21" ordinal="2" sl="21" sc="1" el="21" ec="2" bec="0" bev="0" fileid="11" />
              </SequencePoints>
              <BranchPoints />
              <MethodPoint vc="3" upsid="0" p8:type="SequencePoint" ordinal="0" offset="0" sc="0" sl="19" ec="1" el="21" bec="0" bev="0" fileid="11" xmlns:p8="xsi" />
            </Method>
            <Method cyclomaticComplexity="0" nPathComplexity="0" sequenceCoverage="1" branchCoverage="1" isConstructor="False" isGetter="False" isSetter="False" isStatic="True">
              <Summary numSequencePoints="7" visitedSequencePoints="7" numBranchPoints="2" visitedBranchPoints="2" sequenceCoverage="1" branchCoverage="1" maxCyclomaticComplexity="0" minCyclomaticComplexity="0" visitedClasses="0" numClasses="0" visitedMethods="1" numMethods="1" />
              <MetadataToken />
              <Name>TodoApp.API.Models.Todo TodoApp.API.Managers.Implementation.TodoManager::AddTodo(System.String,System.Int32,System.Int32)</Name>
              <FileRef uid="11" />
              <SequencePoints>
                <SequencePoint vc="2" upsid="24" ordinal="0" sl="24" sc="1" el="24" ec="2" bec="0" bev="0" fileid="11" />
                <SequencePoint vc="2" upsid="25" ordinal="1" sl="25" sc="1" el="25" ec="2" bec="0" bev="0" fileid="11" />
                <SequencePoint vc="1" upsid="26" ordinal="2" sl="26" sc="1" el="26" ec="2" bec="0" bev="0" fileid="11" />
                <SequencePoint vc="1" upsid="27" ordinal="3" sl="27" sc="1" el="27" ec="2" bec="0" bev="0" fileid="11" />
                <SequencePoint vc="1" upsid="30" ordinal="4" sl="30" sc="1" el="30" ec="2" bec="0" bev="0" fileid="11" />
                <SequencePoint vc="1" upsid="31" ordinal="5" sl="31" sc="1" el="31" ec="2" bec="0" bev="0" fileid="11" />
                <SequencePoint vc="2" upsid="32" ordinal="6" sl="32" sc="1" el="32" ec="2" bec="0" bev="0" fileid="11" />
              </SequencePoints>
              <BranchPoints>
                <BranchPoint vc="1" upsid="25" ordinal="0" path="0" offset="26" offsetend="28" sl="25" fileid="11" />
                <BranchPoint vc="1" upsid="25" ordinal="1" path="1" offset="26" offsetend="33" sl="25" fileid="11" />
              </BranchPoints>
              <MethodPoint vc="7" upsid="0" p8:type="SequencePoint" ordinal="1" offset="1" sc="0" sl="24" ec="1" el="32" bec="0" bev="0" fileid="11" xmlns:p8="xsi" />
            </Method>
            <Method cyclomaticComplexity="0" nPathComplexity="0" sequenceCoverage="1" branchCoverage="1" isConstructor="False" isGetter="False" isSetter="False" isStatic="True">
              <Summary numSequencePoints="6" visitedSequencePoints="6" numBranchPoints="2" visitedBranchPoints="2" sequenceCoverage="1" branchCoverage="1" maxCyclomaticComplexity="0" minCyclomaticComplexity="0" visitedClasses="0" numClasses="0" visitedMethods="1" numMethods="1" />
              <MetadataToken />
              <Name>System.Boolean TodoApp.API.Managers.Implementation.TodoManager::RemoveTodo(System.Int32,System.Int32)</Name>
              <FileRef uid="11" />
              <SequencePoints>
                <SequencePoint vc="2" upsid="35" ordinal="0" sl="35" sc="1" el="35" ec="2" bec="0" bev="0" fileid="11" />
                <SequencePoint vc="2" upsid="36" ordinal="1" sl="36" sc="1" el="36" ec="2" bec="0" bev="0" fileid="11" />
                <SequencePoint vc="3" upsid="38" ordinal="2" sl="38" sc="1" el="38" ec="2" bec="0" bev="0" fileid="11" />
                <SequencePoint vc="1" upsid="39" ordinal="3" sl="39" sc="1" el="39" ec="2" bec="0" bev="0" fileid="11" />
                <SequencePoint vc="1" upsid="42" ordinal="4" sl="42" sc="1" el="42" ec="2" bec="0" bev="0" fileid="11" />
                <SequencePoint vc="2" upsid="43" ordinal="5" sl="43" sc="1" el="43" ec="2" bec="0" bev="0" fileid="11" />
              </SequencePoints>
              <BranchPoints>
                <BranchPoint vc="1" upsid="38" ordinal="0" path="0" offset="44" offsetend="46" sl="38" fileid="11" />
                <BranchPoint vc="1" upsid="38" ordinal="1" path="1" offset="44" offsetend="51" sl="38" fileid="11" />
              </BranchPoints>
              <MethodPoint vc="6" upsid="0" p8:type="SequencePoint" ordinal="2" offset="2" sc="0" sl="35" ec="1" el="43" bec="0" bev="0" fileid="11" xmlns:p8="xsi" />
            </Method>
            <Method cyclomaticComplexity="0" nPathComplexity="0" sequenceCoverage="1" branchCoverage="1" isConstructor="False" isGetter="False" isSetter="False" isStatic="True">
              <Summary numSequencePoints="8" visitedSequencePoints="8" numBranchPoints="4" visitedBranchPoints="4" sequenceCoverage="1" branchCoverage="1" maxCyclomaticComplexity="0" minCyclomaticComplexity="0" visitedClasses="0" numClasses="0" visitedMethods="1" numMethods="1" />
              <MetadataToken />
              <Name>TodoApp.API.Models.Todo TodoApp.API.Managers.Implementation.TodoManager::TodoDone(System.Int32,System.Int32)</Name>
              <FileRef uid="11" />
              <SequencePoints>
                <SequencePoint vc="3" upsid="46" ordinal="0" sl="46" sc="1" el="46" ec="2" bec="0" bev="0" fileid="11" />
                <SequencePoint vc="3" upsid="47" ordinal="1" sl="47" sc="1" el="47" ec="2" bec="0" bev="0" fileid="11" />
                <SequencePoint vc="3" upsid="48" ordinal="2" sl="48" sc="1" el="48" ec="2" bec="0" bev="0" fileid="11" />
                <SequencePoint vc="1" upsid="49" ordinal="3" sl="49" sc="1" el="49" ec="2" bec="0" bev="0" fileid="11" />
                <SequencePoint vc="2" upsid="51" ordinal="4" sl="51" sc="1" el="51" ec="2" bec="0" bev="0" fileid="11" />
                <SequencePoint vc="1" upsid="52" ordinal="5" sl="52" sc="1" el="52" ec="2" bec="0" bev="0" fileid="11" />
                <SequencePoint vc="1" upsid="54" ordinal="6" sl="54" sc="1" el="54" ec="2" bec="0" bev="0" fileid="11" />
                <SequencePoint vc="3" upsid="55" ordinal="7" sl="55" sc="1" el="55" ec="2" bec="0" bev="0" fileid="11" />
              </SequencePoints>
              <BranchPoints>
                <BranchPoint vc="1" upsid="48" ordinal="0" path="0" offset="20" offsetend="22" sl="48" fileid="11" />
                <BranchPoint vc="3" upsid="48" ordinal="1" path="1" offset="20" offsetend="26" sl="48" fileid="11" />
                <BranchPoint vc="1" upsid="51" ordinal="2" path="0" offset="56" offsetend="58" sl="51" fileid="11" />
                <BranchPoint vc="1" upsid="51" ordinal="3" path="1" offset="56" offsetend="62" sl="51" fileid="11" />
              </BranchPoints>
              <MethodPoint vc="8" upsid="0" p8:type="SequencePoint" ordinal="3" offset="3" sc="0" sl="46" ec="1" el="55" bec="0" bev="0" fileid="11" xmlns:p8="xsi" />
            </Method>
            <Method cyclomaticComplexity="0" nPathComplexity="0" sequenceCoverage="1" branchCoverage="0" isConstructor="False" isGetter="False" isSetter="False" isStatic="True">
              <Summary numSequencePoints="5" visitedSequencePoints="5" numBranchPoints="0" visitedBranchPoints="0" sequenceCoverage="1" branchCoverage="0" maxCyclomaticComplexity="0" minCyclomaticComplexity="0" visitedClasses="0" numClasses="0" visitedMethods="1" numMethods="1" />
              <MetadataToken />
              <Name>System.Void TodoApp.API.Managers.Implementation.TodoManager::CreateInitialTodos(System.Int32)</Name>
              <FileRef uid="11" />
              <SequencePoints>
                <SequencePoint vc="1" upsid="58" ordinal="0" sl="58" sc="1" el="58" ec="2" bec="0" bev="0" fileid="11" />
                <SequencePoint vc="1" upsid="59" ordinal="1" sl="59" sc="1" el="59" ec="2" bec="0" bev="0" fileid="11" />
                <SequencePoint vc="1" upsid="60" ordinal="2" sl="60" sc="1" el="60" ec="2" bec="0" bev="0" fileid="11" />
                <SequencePoint vc="1" upsid="61" ordinal="3" sl="61" sc="1" el="61" ec="2" bec="0" bev="0" fileid="11" />
                <SequencePoint vc="1" upsid="62" ordinal="4" sl="62" sc="1" el="62" ec="2" bec="0" bev="0" fileid="11" />
              </SequencePoints>
              <BranchPoints />
              <MethodPoint vc="5" upsid="0" p8:type="SequencePoint" ordinal="4" offset="4" sc="0" sl="58" ec="1" el="62" bec="0" bev="0" fileid="11" xmlns:p8="xsi" />
            </Method>
          </Methods>
        </Class>
        <Class>
          <Summary numSequencePoints="14" visitedSequencePoints="14" numBranchPoints="6" visitedBranchPoints="6" sequenceCoverage="1" branchCoverage="1" maxCyclomaticComplexity="0" minCyclomaticComplexity="0" visitedClasses="1" numClasses="1" visitedMethods="2" numMethods="2" />
          <FullName>TodoApp.API.Managers.Implementation.UserManager</FullName>
          <Methods>
            <Method cyclomaticComplexity="0" nPathComplexity="0" sequenceCoverage="1" branchCoverage="1" isConstructor="False" isGetter="False" isSetter="False" isStatic="True">
              <Summary numSequencePoints="5" visitedSequencePoints="5" numBranchPoints="2" visitedBranchPoints="2" sequenceCoverage="1" branchCoverage="1" maxCyclomaticComplexity="0" minCyclomaticComplexity="0" visitedClasses="0" numClasses="0" visitedMethods="1" numMethods="1" />
              <MetadataToken />
              <Name>TodoApp.API.Models.User TodoApp.API.Managers.Implementation.UserManager::SignIn(TodoApp.API.Models.User)</Name>
              <FileRef uid="12" />
              <SequencePoints>
                <SequencePoint vc="4" upsid="20" ordinal="0" sl="20" sc="1" el="20" ec="2" bec="0" bev="0" fileid="12" />
                <SequencePoint vc="4" upsid="22" ordinal="1" sl="22" sc="1" el="22" ec="2" bec="0" bev="0" fileid="12" />
                <SequencePoint vc="3" upsid="23" ordinal="2" sl="23" sc="1" el="23" ec="2" bec="0" bev="0" fileid="12" />
                <SequencePoint vc="1" upsid="25" ordinal="3" sl="25" sc="1" el="25" ec="2" bec="0" bev="0" fileid="12" />
                <SequencePoint vc="4" upsid="26" ordinal="4" sl="26" sc="1" el="26" ec="2" bec="0" bev="0" fileid="12" />
              </SequencePoints>
              <BranchPoints>
                <BranchPoint vc="7" upsid="22" ordinal="0" path="0" offset="18" offsetend="20" sl="22" fileid="12" />
                <BranchPoint vc="1" upsid="22" ordinal="1" path="1" offset="18" offsetend="24" sl="22" fileid="12" />
              </BranchPoints>
              <MethodPoint vc="5" upsid="0" p8:type="SequencePoint" ordinal="0" offset="0" sc="0" sl="20" ec="1" el="26" bec="0" bev="0" fileid="12" xmlns:p8="xsi" />
            </Method>
            <Method cyclomaticComplexity="0" nPathComplexity="0" sequenceCoverage="1" branchCoverage="1" isConstructor="False" isGetter="False" isSetter="False" isStatic="True">
              <Summary numSequencePoints="9" visitedSequencePoints="9" numBranchPoints="4" visitedBranchPoints="4" sequenceCoverage="1" branchCoverage="1" maxCyclomaticComplexity="0" minCyclomaticComplexity="0" visitedClasses="0" numClasses="0" visitedMethods="1" numMethods="1" />
              <MetadataToken />
              <Name>TodoApp.API.Models.User TodoApp.API.Managers.Implementation.UserManager::Register(TodoApp.API.Models.User)</Name>
              <FileRef uid="12" />
              <SequencePoints>
                <SequencePoint vc="5" upsid="29" ordinal="0" sl="29" sc="1" el="29" ec="2" bec="0" bev="0" fileid="12" />
                <SequencePoint vc="5" upsid="30" ordinal="1" sl="30" sc="1" el="30" ec="2" bec="0" bev="0" fileid="12" />
                <SequencePoint vc="3" upsid="31" ordinal="2" sl="31" sc="1" el="31" ec="2" bec="0" bev="0" fileid="12" />
                <SequencePoint vc="2" upsid="33" ordinal="3" sl="33" sc="1" el="33" ec="2" bec="0" bev="0" fileid="12" />
                <SequencePoint vc="1" upsid="34" ordinal="4" sl="34" sc="1" el="34" ec="2" bec="0" bev="0" fileid="12" />
                <SequencePoint vc="1" upsid="36" ordinal="5" sl="36" sc="1" el="36" ec="2" bec="0" bev="0" fileid="12" />
                <SequencePoint vc="1" upsid="38" ordinal="6" sl="38" sc="1" el="38" ec="2" bec="0" bev="0" fileid="12" />
                <SequencePoint vc="1" upsid="40" ordinal="7" sl="40" sc="1" el="40" ec="2" bec="0" bev="0" fileid="12" />
                <SequencePoint vc="5" upsid="41" ordinal="8" sl="41" sc="1" el="41" ec="2" bec="0" bev="0" fileid="12" />
              </SequencePoints>
              <BranchPoints>
                <BranchPoint vc="7" upsid="30" ordinal="0" path="0" offset="18" offsetend="20" sl="30" fileid="12" />
                <BranchPoint vc="3" upsid="30" ordinal="1" path="1" offset="18" offsetend="24" sl="30" fileid="12" />
                <BranchPoint vc="1" upsid="33" ordinal="2" path="0" offset="43" offsetend="45" sl="33" fileid="12" />
                <BranchPoint vc="1" upsid="33" ordinal="3" path="1" offset="43" offsetend="49" sl="33" fileid="12" />
              </BranchPoints>
              <MethodPoint vc="9" upsid="0" p8:type="SequencePoint" ordinal="1" offset="1" sc="0" sl="29" ec="1" el="41" bec="0" bev="0" fileid="12" xmlns:p8="xsi" />
            </Method>
          </Methods>
        </Class>
        <Class>
          <Summary numSequencePoints="7" visitedSequencePoints="7" numBranchPoints="2" visitedBranchPoints="2" sequenceCoverage="1" branchCoverage="1" maxCyclomaticComplexity="0" minCyclomaticComplexity="0" visitedClasses="1" numClasses="1" visitedMethods="1" numMethods="1" />
          <FullName>TodoApp.API.Helper.Hasher</FullName>
          <Methods>
            <Method cyclomaticComplexity="0" nPathComplexity="0" sequenceCoverage="1" branchCoverage="1" isConstructor="False" isGetter="False" isSetter="False" isStatic="True">
              <Summary numSequencePoints="7" visitedSequencePoints="7" numBranchPoints="2" visitedBranchPoints="2" sequenceCoverage="1" branchCoverage="1" maxCyclomaticComplexity="0" minCyclomaticComplexity="0" visitedClasses="0" numClasses="0" visitedMethods="1" numMethods="1" />
              <MetadataToken />
              <Name>System.String TodoApp.API.Helper.Hasher::getHashedPassword(System.String)</Name>
              <FileRef uid="13" />
              <SequencePoints>
                <SequencePoint vc="1" upsid="9" ordinal="0" sl="9" sc="1" el="9" ec="2" bec="0" bev="0" fileid="13" />
                <SequencePoint vc="1" upsid="10" ordinal="1" sl="10" sc="1" el="10" ec="2" bec="0" bev="0" fileid="13" />
                <SequencePoint vc="1" upsid="12" ordinal="2" sl="12" sc="1" el="12" ec="2" bec="0" bev="0" fileid="13" />
                <SequencePoint vc="34" upsid="14" ordinal="3" sl="14" sc="1" el="14" ec="2" bec="0" bev="0" fileid="13" />
                <SequencePoint vc="16" upsid="15" ordinal="4" sl="15" sc="1" el="15" ec="2" bec="0" bev="0" fileid="13" />
                <SequencePoint vc="1" upsid="17" ordinal="5" sl="17" sc="1" el="17" ec="2" bec="0" bev="0" fileid="13" />
                <SequencePoint vc="1" upsid="18" ordinal="6" sl="18" sc="1" el="18" ec="2" bec="0" bev="0" fileid="13" />
              </SequencePoints>
              <BranchPoints>
                <BranchPoint vc="65535" upsid="14" ordinal="1" path="1" offset="69" offsetend="33" sl="14" fileid="13" />
                <BranchPoint vc="1" upsid="14" ordinal="0" path="0" offset="69" offsetend="71" sl="14" fileid="13" />
              </BranchPoints>
              <MethodPoint vc="7" upsid="0" p8:type="SequencePoint" ordinal="0" offset="0" sc="0" sl="9" ec="1" el="18" bec="0" bev="0" fileid="13" xmlns:p8="xsi" />
            </Method>
          </Methods>
        </Class>
        <Class>
          <Summary numSequencePoints="9" visitedSequencePoints="9" numBranchPoints="2" visitedBranchPoints="2" sequenceCoverage="1" branchCoverage="1" maxCyclomaticComplexity="0" minCyclomaticComplexity="0" visitedClasses="1" numClasses="1" visitedMethods="3" numMethods="3" />
          <FullName>TodoApp.API.Helper.UserValidator</FullName>
          <Methods>
            <Method cyclomaticComplexity="0" nPathComplexity="0" sequenceCoverage="1" branchCoverage="1" isConstructor="False" isGetter="False" isSetter="False" isStatic="True">
              <Summary numSequencePoints="3" visitedSequencePoints="3" numBranchPoints="2" visitedBranchPoints="2" sequenceCoverage="1" branchCoverage="1" maxCyclomaticComplexity="0" minCyclomaticComplexity="0" visitedClasses="0" numClasses="0" visitedMethods="1" numMethods="1" />
              <MetadataToken />
              <Name>System.Boolean TodoApp.API.Helper.UserValidator::IsUserValid(TodoApp.API.Models.User)</Name>
              <FileRef uid="14" />
              <SequencePoints>
                <SequencePoint vc="2" upsid="7" ordinal="0" sl="7" sc="1" el="7" ec="2" bec="0" bev="0" fileid="14" />
                <SequencePoint vc="2" upsid="8" ordinal="1" sl="8" sc="1" el="8" ec="2" bec="0" bev="0" fileid="14" />
                <SequencePoint vc="2" upsid="9" ordinal="2" sl="9" sc="1" el="9" ec="2" bec="0" bev="0" fileid="14" />
              </SequencePoints>
              <BranchPoints>
                <BranchPoint vc="1" upsid="8" ordinal="0" path="0" offset="13" offsetend="15" sl="8" fileid="14" />
                <BranchPoint vc="1" upsid="8" ordinal="1" path="1" offset="13" offsetend="29" sl="8" fileid="14" />
              </BranchPoints>
              <MethodPoint vc="3" upsid="0" p8:type="SequencePoint" ordinal="0" offset="0" sc="0" sl="7" ec="1" el="9" bec="0" bev="0" fileid="14" xmlns:p8="xsi" />
            </Method>
            <Method cyclomaticComplexity="0" nPathComplexity="0" sequenceCoverage="1" branchCoverage="0" isConstructor="False" isGetter="False" isSetter="False" isStatic="True">
              <Summary numSequencePoints="3" visitedSequencePoints="3" numBranchPoints="0" visitedBranchPoints="0" sequenceCoverage="1" branchCoverage="0" maxCyclomaticComplexity="0" minCyclomaticComplexity="0" visitedClasses="0" numClasses="0" visitedMethods="1" numMethods="1" />
              <MetadataToken />
              <Name>System.Boolean TodoApp.API.Helper.UserValidator::IsUsernameValid(System.String)</Name>
              <FileRef uid="14" />
              <SequencePoints>
                <SequencePoint vc="3" upsid="11" ordinal="0" sl="11" sc="1" el="11" ec="2" bec="0" bev="0" fileid="14" />
                <SequencePoint vc="3" upsid="12" ordinal="1" sl="12" sc="1" el="12" ec="2" bec="0" bev="0" fileid="14" />
                <SequencePoint vc="3" upsid="13" ordinal="2" sl="13" sc="1" el="13" ec="2" bec="0" bev="0" fileid="14" />
              </SequencePoints>
              <BranchPoints />
              <MethodPoint vc="3" upsid="0" p8:type="SequencePoint" ordinal="1" offset="1" sc="0" sl="11" ec="1" el="13" bec="0" bev="0" fileid="14" xmlns:p8="xsi" />
            </Method>
            <Method cyclomaticComplexity="0" nPathComplexity="0" sequenceCoverage="1" branchCoverage="0" isConstructor="False" isGetter="False" isSetter="False" isStatic="True">
              <Summary numSequencePoints="3" visitedSequencePoints="3" numBranchPoints="0" visitedBranchPoints="0" sequenceCoverage="1" branchCoverage="0" maxCyclomaticComplexity="0" minCyclomaticComplexity="0" visitedClasses="0" numClasses="0" visitedMethods="1" numMethods="1" />
              <MetadataToken />
              <Name>System.Boolean TodoApp.API.Helper.UserValidator::IsPasswordValid(System.String)</Name>
              <FileRef uid="14" />
              <SequencePoints>
                <SequencePoint vc="2" upsid="15" ordinal="0" sl="15" sc="1" el="15" ec="2" bec="0" bev="0" fileid="14" />
                <SequencePoint vc="2" upsid="16" ordinal="1" sl="16" sc="1" el="16" ec="2" bec="0" bev="0" fileid="14" />
[...]
                <SequencePoint vc="3" upsid="28" ordinal="2" sl="28" sc="1" el="28" ec="2" bec="0" bev="0" fileid="20" />
                <SequencePoint vc="1" upsid="29" ordinal="3" sl="29" sc="1" el="29" ec="2" bec="0" bev="0" fileid="20" />
                <SequencePoint vc="1" upsid="30" ordinal="4" sl="30" sc="1" el="30" ec="2" bec="0" bev="0" fileid="20" />
                <SequencePoint vc="1" upsid="31" ordinal="5" sl="31" sc="1" el="31" ec="2" bec="0" bev="0" fileid="20" />
                <SequencePoint vc="1" upsid="34" ordinal="6" sl="34" sc="1" el="34" ec="2" bec="0" bev="0" fileid="20" />
                <SequencePoint vc="2" upsid="35" ordinal="7" sl="35" sc="1" el="35" ec="2" bec="0" bev="0" fileid="20" />
              </SequencePoints>
              <BranchPoints>
                <BranchPoint vc="1" upsid="28" ordinal="0" path="0" offset="20" offsetend="22" sl="28" fileid="20" />
                <BranchPoint vc="1" upsid="28" ordinal="1" path="1" offset="20" offsetend="59" sl="28" fileid="20" />
              </BranchPoints>
              <MethodPoint vc="8" upsid="0" p8:type="SequencePoint" ordinal="0" offset="0" sc="0" sl="26" ec="1" el="35" bec="0" bev="0" fileid="20" xmlns:p8="xsi" />
            </Method>
            <Method cyclomaticComplexity="0" nPathComplexity="0" sequenceCoverage="1" branchCoverage="1" isConstructor="False" isGetter="False" isSetter="False" isStatic="True">
              <Summary numSequencePoints="9" visitedSequencePoints="9" numBranchPoints="2" visitedBranchPoints="2" sequenceCoverage="1" branchCoverage="1" maxCyclomaticComplexity="0" minCyclomaticComplexity="0" visitedClasses="0" numClasses="0" visitedMethods="1" numMethods="1" />
              <MetadataToken />
              <Name>Microsoft.AspNetCore.Mvc.IActionResult TodoApp.API.Controllers.AuthController::Register(TodoApp.API.Models.User)</Name>
              <FileRef uid="20" />
              <SequencePoints>
                <SequencePoint vc="2" upsid="40" ordinal="0" sl="40" sc="1" el="40" ec="2" bec="0" bev="0" fileid="20" />
                <SequencePoint vc="2" upsid="41" ordinal="1" sl="41" sc="1" el="41" ec="2" bec="0" bev="0" fileid="20" />
                <SequencePoint vc="2" upsid="42" ordinal="2" sl="42" sc="1" el="42" ec="2" bec="0" bev="0" fileid="20" />
                <SequencePoint vc="1" upsid="43" ordinal="3" sl="43" sc="1" el="43" ec="2" bec="0" bev="0" fileid="20" />
                <SequencePoint vc="1" upsid="44" ordinal="4" sl="44" sc="1" el="44" ec="2" bec="0" bev="0" fileid="20" />
                <SequencePoint vc="1" upsid="45" ordinal="5" sl="45" sc="1" el="45" ec="2" bec="0" bev="0" fileid="20" />
                <SequencePoint vc="1" upsid="46" ordinal="6" sl="46" sc="1" el="46" ec="2" bec="0" bev="0" fileid="20" />
                <SequencePoint vc="1" upsid="49" ordinal="7" sl="49" sc="1" el="49" ec="2" bec="0" bev="0" fileid="20" />
                <SequencePoint vc="2" upsid="50" ordinal="8" sl="50" sc="1" el="50" ec="2" bec="0" bev="0" fileid="20" />
              </SequencePoints>
              <BranchPoints>
                <BranchPoint vc="1" upsid="42" ordinal="0" path="0" offset="20" offsetend="22" sl="42" fileid="20" />
                <BranchPoint vc="1" upsid="42" ordinal="1" path="1" offset="20" offsetend="59" sl="42" fileid="20" />
              </BranchPoints>
              <MethodPoint vc="9" upsid="0" p8:type="SequencePoint" ordinal="1" offset="1" sc="0" sl="40" ec="1" el="50" bec="0" bev="0" fileid="20" xmlns:p8="xsi" />
            </Method>
          </Methods>
        </Class>
        <Class>
          <Summary numSequencePoints="27" visitedSequencePoints="27" numBranchPoints="6" visitedBranchPoints="6" sequenceCoverage="1" branchCoverage="1" maxCyclomaticComplexity="0" minCyclomaticComplexity="0" visitedClasses="1" numClasses="1" visitedMethods="3" numMethods="3" />
          <FullName>TodoApp.API.Controllers.FoldersController</FullName>
          <Methods>
            <Method cyclomaticComplexity="0" nPathComplexity="0" sequenceCoverage="1" branchCoverage="1" isConstructor="False" isGetter="False" isSetter="False" isStatic="True">
              <Summary numSequencePoints="9" visitedSequencePoints="9" numBranchPoints="2" visitedBranchPoints="2" sequenceCoverage="1" branchCoverage="1" maxCyclomaticComplexity="0" minCyclomaticComplexity="0" visitedClasses="0" numClasses="0" visitedMethods="1" numMethods="1" />
              <MetadataToken />
              <Name>Microsoft.AspNetCore.Mvc.IActionResult TodoApp.API.Controllers.FoldersController::GetFolders()</Name>
              <FileRef uid="21" />
              <SequencePoints>
                <SequencePoint vc="2" upsid="23" ordinal="0" sl="23" sc="1" el="23" ec="2" bec="0" bev="0" fileid="21" />
                <SequencePoint vc="2" upsid="24" ordinal="1" sl="24" sc="1" el="24" ec="2" bec="0" bev="0" fileid="21" />
                <SequencePoint vc="2" upsid="25" ordinal="2" sl="25" sc="1" el="25" ec="2" bec="0" bev="0" fileid="21" />
                <SequencePoint vc="2" upsid="26" ordinal="3" sl="26" sc="1" el="26" ec="2" bec="0" bev="0" fileid="21" />
                <SequencePoint vc="1" upsid="27" ordinal="4" sl="27" sc="1" el="27" ec="2" bec="0" bev="0" fileid="21" />
                <SequencePoint vc="1" upsid="28" ordinal="5" sl="28" sc="1" el="28" ec="2" bec="0" bev="0" fileid="21" />
                <SequencePoint vc="1" upsid="29" ordinal="6" sl="29" sc="1" el="29" ec="2" bec="0" bev="0" fileid="21" />
                <SequencePoint vc="1" upsid="32" ordinal="7" sl="32" sc="1" el="32" ec="2" bec="0" bev="0" fileid="21" />
                <SequencePoint vc="2" upsid="34" ordinal="8" sl="34" sc="1" el="34" ec="2" bec="0" bev="0" fileid="21" />
              </SequencePoints>
              <BranchPoints>
                <BranchPoint vc="1" upsid="26" ordinal="0" path="0" offset="47" offsetend="49" sl="26" fileid="21" />
                <BranchPoint vc="1" upsid="26" ordinal="1" path="1" offset="47" offsetend="74" sl="26" fileid="21" />
              </BranchPoints>
              <MethodPoint vc="9" upsid="0" p8:type="SequencePoint" ordinal="0" offset="0" sc="0" sl="23" ec="1" el="34" bec="0" bev="0" fileid="21" xmlns:p8="xsi" />
            </Method>
            <Method cyclomaticComplexity="0" nPathComplexity="0" sequenceCoverage="1" branchCoverage="1" isConstructor="False" isGetter="False" isSetter="False" isStatic="True">
              <Summary numSequencePoints="9" visitedSequencePoints="9" numBranchPoints="2" visitedBranchPoints="2" sequenceCoverage="1" branchCoverage="1" maxCyclomaticComplexity="0" minCyclomaticComplexity="0" visitedClasses="0" numClasses="0" visitedMethods="1" numMethods="1" />
              <MetadataToken />
              <Name>Microsoft.AspNetCore.Mvc.IActionResult TodoApp.API.Controllers.FoldersController::AddNewFolder(System.String)</Name>
              <FileRef uid="21" />
              <SequencePoints>
                <SequencePoint vc="2" upsid="39" ordinal="0" sl="39" sc="1" el="39" ec="2" bec="0" bev="0" fileid="21" />
                <SequencePoint vc="2" upsid="40" ordinal="1" sl="40" sc="1" el="40" ec="2" bec="0" bev="0" fileid="21" />
                <SequencePoint vc="2" upsid="41" ordinal="2" sl="41" sc="1" el="41" ec="2" bec="0" bev="0" fileid="21" />
                <SequencePoint vc="2" upsid="42" ordinal="3" sl="42" sc="1" el="42" ec="2" bec="0" bev="0" fileid="21" />
                <SequencePoint vc="1" upsid="43" ordinal="4" sl="43" sc="1" el="43" ec="2" bec="0" bev="0" fileid="21" />
                <SequencePoint vc="1" upsid="44" ordinal="5" sl="44" sc="1" el="44" ec="2" bec="0" bev="0" fileid="21" />
                <SequencePoint vc="1" upsid="45" ordinal="6" sl="45" sc="1" el="45" ec="2" bec="0" bev="0" fileid="21" />
                <SequencePoint vc="1" upsid="48" ordinal="7" sl="48" sc="1" el="48" ec="2" bec="0" bev="0" fileid="21" />
                <SequencePoint vc="2" upsid="49" ordinal="8" sl="49" sc="1" el="49" ec="2" bec="0" bev="0" fileid="21" />
              </SequencePoints>
              <BranchPoints>
                <BranchPoint vc="1" upsid="42" ordinal="0" path="0" offset="47" offsetend="49" sl="42" fileid="21" />
                <BranchPoint vc="1" upsid="42" ordinal="1" path="1" offset="47" offsetend="75" sl="42" fileid="21" />
              </BranchPoints>
              <MethodPoint vc="9" upsid="0" p8:type="SequencePoint" ordinal="1" offset="1" sc="0" sl="39" ec="1" el="49" bec="0" bev="0" fileid="21" xmlns:p8="xsi" />
            </Method>
            <Method cyclomaticComplexity="0" nPathComplexity="0" sequenceCoverage="1" branchCoverage="1" isConstructor="False" isGetter="False" isSetter="False" isStatic="True">
              <Summary numSequencePoints="9" visitedSequencePoints="9" numBranchPoints="2" visitedBranchPoints="2" sequenceCoverage="1" branchCoverage="1" maxCyclomaticComplexity="0" minCyclomaticComplexity="0" visitedClasses="0" numClasses="0" visitedMethods="1" numMethods="1" />
              <MetadataToken />
              <Name>Microsoft.AspNetCore.Mvc.IActionResult TodoApp.API.Controllers.FoldersController::RemoveFolder(System.Int32)</Name>
              <FileRef uid="21" />
              <SequencePoints>
                <SequencePoint vc="2" upsid="54" ordinal="0" sl="54" sc="1" el="54" ec="2" bec="0" bev="0" fileid="21" />
                <SequencePoint vc="2" upsid="55" ordinal="1" sl="55" sc="1" el="55" ec="2" bec="0" bev="0" fileid="21" />
                <SequencePoint vc="2" upsid="56" ordinal="2" sl="56" sc="1" el="56" ec="2" bec="0" bev="0" fileid="21" />
                <SequencePoint vc="2" upsid="57" ordinal="3" sl="57" sc="1" el="57" ec="2" bec="0" bev="0" fileid="21" />
                <SequencePoint vc="1" upsid="58" ordinal="4" sl="58" sc="1" el="58" ec="2" bec="0" bev="0" fileid="21" />
                <SequencePoint vc="1" upsid="60" ordinal="5" sl="60" sc="1" el="60" ec="2" bec="0" bev="0" fileid="21" />
                <SequencePoint vc="1" upsid="61" ordinal="6" sl="61" sc="1" el="61" ec="2" bec="0" bev="0" fileid="21" />
                <SequencePoint vc="1" upsid="63" ordinal="7" sl="63" sc="1" el="63" ec="2" bec="0" bev="0" fileid="21" />
                <SequencePoint vc="2" upsid="64" ordinal="8" sl="64" sc="1" el="64" ec="2" bec="0" bev="0" fileid="21" />
              </SequencePoints>
              <BranchPoints>
                <BranchPoint vc="1" upsid="57" ordinal="0" path="0" offset="47" offsetend="49" sl="57" fileid="21" />
                <BranchPoint vc="1" upsid="57" ordinal="1" path="1" offset="47" offsetend="80" sl="57" fileid="21" />
              </BranchPoints>
              <MethodPoint vc="9" upsid="0" p8:type="SequencePoint" ordinal="2" offset="2" sc="0" sl="54" ec="1" el="64" bec="0" bev="0" fileid="21" xmlns:p8="xsi" />
            </Method>
          </Methods>
        </Class>
        <Class>
          <Summary numSequencePoints="31" visitedSequencePoints="31" numBranchPoints="6" visitedBranchPoints="6" sequenceCoverage="1" branchCoverage="1" maxCyclomaticComplexity="0" minCyclomaticComplexity="0" visitedClasses="1" numClasses="1" visitedMethods="4" numMethods="4" />
          <FullName>TodoApp.API.Controllers.TodosController</FullName>
          <Methods>
            <Method cyclomaticComplexity="0" nPathComplexity="0" sequenceCoverage="1" branchCoverage="1" isConstructor="False" isGetter="False" isSetter="False" isStatic="True">
              <Summary numSequencePoints="9" visitedSequencePoints="9" numBranchPoints="2" visitedBranchPoints="2" sequenceCoverage="1" branchCoverage="1" maxCyclomaticComplexity="0" minCyclomaticComplexity="0" visitedClasses="0" numClasses="0" visitedMethods="1" numMethods="1" />
              <MetadataToken />
              <Name>Microsoft.AspNetCore.Mvc.IActionResult TodoApp.API.Controllers.TodosController::AddTodo(System.String,System.Int32)</Name>
              <FileRef uid="22" />
              <SequencePoints>
                <SequencePoint vc="2" upsid="29" ordinal="0" sl="29" sc="1" el="29" ec="2" bec="0" bev="0" fileid="22" />
                <SequencePoint vc="2" upsid="30" ordinal="1" sl="30" sc="1" el="30" ec="2" bec="0" bev="0" fileid="22" />
                <SequencePoint vc="2" upsid="31" ordinal="2" sl="31" sc="1" el="31" ec="2" bec="0" bev="0" fileid="22" />
                <SequencePoint vc="2" upsid="32" ordinal="3" sl="32" sc="1" el="32" ec="2" bec="0" bev="0" fileid="22" />
                <SequencePoint vc="1" upsid="33" ordinal="4" sl="33" sc="1" el="33" ec="2" bec="0" bev="0" fileid="22" />
                <SequencePoint vc="1" upsid="34" ordinal="5" sl="34" sc="1" el="34" ec="2" bec="0" bev="0" fileid="22" />
                <SequencePoint vc="1" upsid="35" ordinal="6" sl="35" sc="1" el="35" ec="2" bec="0" bev="0" fileid="22" />
                <SequencePoint vc="1" upsid="38" ordinal="7" sl="38" sc="1" el="38" ec="2" bec="0" bev="0" fileid="22" />
                <SequencePoint vc="2" upsid="39" ordinal="8" sl="39" sc="1" el="39" ec="2" bec="0" bev="0" fileid="22" />
              </SequencePoints>
              <BranchPoints>
                <BranchPoint vc="1" upsid="32" ordinal="0" path="0" offset="47" offsetend="49" sl="32" fileid="22" />
                <BranchPoint vc="1" upsid="32" ordinal="1" path="1" offset="47" offsetend="76" sl="32" fileid="22" />
              </BranchPoints>
              <MethodPoint vc="9" upsid="0" p8:type="SequencePoint" ordinal="0" offset="0" sc="0" sl="29" ec="1" el="39" bec="0" bev="0" fileid="22" xmlns:p8="xsi" />
            </Method>
            <Method cyclomaticComplexity="0" nPathComplexity="0" sequenceCoverage="1" branchCoverage="1" isConstructor="False" isGetter="False" isSetter="False" isStatic="True">
              <Summary numSequencePoints="9" visitedSequencePoints="9" numBranchPoints="2" visitedBranchPoints="2" sequenceCoverage="1" branchCoverage="1" maxCyclomaticComplexity="0" minCyclomaticComplexity="0" visitedClasses="0" numClasses="0" visitedMethods="1" numMethods="1" />
              <MetadataToken />
              <Name>Microsoft.AspNetCore.Mvc.IActionResult TodoApp.API.Controllers.TodosController::RemoveTodo(System.Int32)</Name>
              <FileRef uid="22" />
              <SequencePoints>
                <SequencePoint vc="2" upsid="44" ordinal="0" sl="44" sc="1" el="44" ec="2" bec="0" bev="0" fileid="22" />
                <SequencePoint vc="2" upsid="45" ordinal="1" sl="45" sc="1" el="45" ec="2" bec="0" bev="0" fileid="22" />
                <SequencePoint vc="2" upsid="46" ordinal="2" sl="46" sc="1" el="46" ec="2" bec="0" bev="0" fileid="22" />
                <SequencePoint vc="2" upsid="47" ordinal="3" sl="47" sc="1" el="47" ec="2" bec="0" bev="0" fileid="22" />
                <SequencePoint vc="1" upsid="48" ordinal="4" sl="48" sc="1" el="48" ec="2" bec="0" bev="0" fileid="22" />
                <SequencePoint vc="1" upsid="49" ordinal="5" sl="49" sc="1" el="49" ec="2" bec="0" bev="0" fileid="22" />
                <SequencePoint vc="1" upsid="50" ordinal="6" sl="50" sc="1" el="50" ec="2" bec="0" bev="0" fileid="22" />
                <SequencePoint vc="1" upsid="53" ordinal="7" sl="53" sc="1" el="53" ec="2" bec="0" bev="0" fileid="22" />
                <SequencePoint vc="2" upsid="54" ordinal="8" sl="54" sc="1" el="54" ec="2" bec="0" bev="0" fileid="22" />
              </SequencePoints>
              <BranchPoints>
                <BranchPoint vc="1" upsid="47" ordinal="0" path="0" offset="47" offsetend="49" sl="47" fileid="22" />
                <BranchPoint vc="1" upsid="47" ordinal="1" path="1" offset="47" offsetend="80" sl="47" fileid="22" />
              </BranchPoints>
              <MethodPoint vc="9" upsid="0" p8:type="SequencePoint" ordinal="1" offset="1" sc="0" sl="44" ec="1" el="54" bec="0" bev="0" fileid="22" xmlns:p8="xsi" />
            </Method>
            <Method cyclomaticComplexity="0" nPathComplexity="0" sequenceCoverage="1" branchCoverage="0" isConstructor="False" isGetter="False" isSetter="False" isStatic="True">
              <Summary numSequencePoints="4" visitedSequencePoints="4" numBranchPoints="0" visitedBranchPoints="0" sequenceCoverage="1" branchCoverage="0" maxCyclomaticComplexity="0" minCyclomaticComplexity="0" visitedClasses="0" numClasses="0" visitedMethods="1" numMethods="1" />
              <MetadataToken />
              <Name>Microsoft.AspNetCore.Mvc.IActionResult TodoApp.API.Controllers.TodosController::GetTodos(System.Int32)</Name>
              <FileRef uid="22" />
              <SequencePoints>
                <SequencePoint vc="1" upsid="58" ordinal="0" sl="58" sc="1" el="58" ec="2" bec="0" bev="0" fileid="22" />
                <SequencePoint vc="1" upsid="59" ordinal="1" sl="59" sc="1" el="59" ec="2" bec="0" bev="0" fileid="22" />
                <SequencePoint vc="1" upsid="60" ordinal="2" sl="60" sc="1" el="60" ec="2" bec="0" bev="0" fileid="22" />
                <SequencePoint vc="1" upsid="61" ordinal="3" sl="61" sc="1" el="61" ec="2" bec="0" bev="0" fileid="22" />
              </SequencePoints>
              <BranchPoints />
              <MethodPoint vc="4" upsid="0" p8:type="SequencePoint" ordinal="2" offset="2" sc="0" sl="58" ec="1" el="61" bec="0" bev="0" fileid="22" xmlns:p8="xsi" />
            </Method>
            <Method cyclomaticComplexity="0" nPathComplexity="0" sequenceCoverage="1" branchCoverage="1" isConstructor="False" isGetter="False" isSetter="False" isStatic="True">
              <Summary numSequencePoints="9" visitedSequencePoints="9" numBranchPoints="2" visitedBranchPoints="2" sequenceCoverage="1" branchCoverage="1" maxCyclomaticComplexity="0" minCyclomaticComplexity="0" visitedClasses="0" numClasses="0" visitedMethods="1" numMethods="1" />
              <MetadataToken />
              <Name>Microsoft.AspNetCore.Mvc.IActionResult TodoApp.API.Controllers.TodosController::TodoDone(System.Int32)</Name>
              <FileRef uid="22" />
              <SequencePoints>
                <SequencePoint vc="2" upsid="66" ordinal="0" sl="66" sc="1" el="66" ec="2" bec="0" bev="0" fileid="22" />
                <SequencePoint vc="2" upsid="67" ordinal="1" sl="67" sc="1" el="67" ec="2" bec="0" bev="0" fileid="22" />
                <SequencePoint vc="2" upsid="68" ordinal="2" sl="68" sc="1" el="68" ec="2" bec="0" bev="0" fileid="22" />
                <SequencePoint vc="2" upsid="69" ordinal="3" sl="69" sc="1" el="69" ec="2" bec="0" bev="0" fileid="22" />
                <SequencePoint vc="1" upsid="70" ordinal="4" sl="70" sc="1" el="70" ec="2" bec="0" bev="0" fileid="22" />
                <SequencePoint vc="1" upsid="71" ordinal="5" sl="71" sc="1" el="71" ec="2" bec="0" bev="0" fileid="22" />
                <SequencePoint vc="1" upsid="72" ordinal="6" sl="72" sc="1" el="72" ec="2" bec="0" bev="0" fileid="22" />
                <SequencePoint vc="1" upsid="75" ordinal="7" sl="75" sc="1" el="75" ec="2" bec="0" bev="0" fileid="22" />
                <SequencePoint vc="2" upsid="76" ordinal="8" sl="76" sc="1" el="76" ec="2" bec="0" bev="0" fileid="22" />
              </SequencePoints>
              <BranchPoints>
                <BranchPoint vc="1" upsid="69" ordinal="0" path="0" offset="47" offsetend="49" sl="69" fileid="22" />
                <BranchPoint vc="1" upsid="69" ordinal="1" path="1" offset="47" offsetend="75" sl="69" fileid="22" />
              </BranchPoints>
              <MethodPoint vc="9" upsid="0" p8:type="SequencePoint" ordinal="3" offset="3" sc="0" sl="66" ec="1" el="76" bec="0" bev="0" fileid="22" xmlns:p8="xsi" />
            </Method>
          </Methods>
        </Class>
      </Classes>
    </Module>
  </Modules>
</CoverageSession>